#
# There is insufficient memory for the Java Runtime Environment to continue.
# Native memory allocation (mmap) failed to map 156237824 bytes for Failed to commit area from 0x00000000b5b00000 to 0x00000000bf000000 of length 156237824.
# Possible reasons:
#   The system is out of physical RAM or swap space
#   The process is running with CompressedOops enabled, and the Java Heap may be blocking the growth of the native heap
# Possible solutions:
#   Reduce memory load on the system
#   Increase physical memory or swap space
#   Check if swap backing store is full
#   Decrease Java heap size (-Xmx/-Xms)
#   Decrease number of Java threads
#   Decrease Java thread stack sizes (-Xss)
#   Set larger code cache with -XX:ReservedCodeCacheSize=
#   JVM is running with Unscaled Compressed Oops mode in which the Java heap is
#     placed in the first 4GB address space. The Java Heap base address is the
#     maximum limit for the native heap growth. Please use -XX:HeapBaseMinAddress
#     to set the Java Heap base and to place the Java Heap above 4GB virtual address.
# This output file may be truncated or incomplete.
#
#  Out of Memory Error (./src/hotspot/os/windows/os_windows.cpp:3521), pid=10300, tid=11336
#
# JRE version: OpenJDK Runtime Environment (11.0.12+7) (build 11.0.12+7-b1504.28-7817840)
# Java VM: OpenJDK 64-Bit Server VM (11.0.12+7-b1504.28-7817840, mixed mode, tiered, compressed oops, g1 gc, windows-amd64)
# No core dump will be written. Minidumps are not enabled by default on client versions of Windows
#

---------------  S U M M A R Y ------------

Command Line: --add-opens=java.base/java.util=ALL-UNNAMED --add-opens=java.base/java.lang=ALL-UNNAMED --add-opens=java.base/java.lang.invoke=ALL-UNNAMED --add-opens=java.base/java.util=ALL-UNNAMED --add-opens=java.prefs/java.util.prefs=ALL-UNNAMED --add-opens=java.prefs/java.util.prefs=ALL-UNNAMED --add-opens=java.base/java.nio.charset=ALL-UNNAMED --add-opens=java.base/java.net=ALL-UNNAMED --add-opens=java.base/java.util.concurrent.atomic=ALL-UNNAMED -Xmx1536m -Dfile.encoding=windows-1252 -Duser.country=US -Duser.language=en -Duser.variant org.gradle.launcher.daemon.bootstrap.GradleDaemon 7.3.3

Host: Intel(R) Core(TM) i5-4200U CPU @ 1.60GHz, 4 cores, 7G,  Windows 10 , 64 bit Build 19041 (10.0.19041.1889)
Time: Sun Sep 18 00:58:29 2022 Iran Daylight Time elapsed time: 319.882083 seconds (0d 0h 5m 19s)

---------------  T H R E A D  ---------------

Current thread (0x000001c4f36d3800):  VMThread "VM Thread" [stack: 0x0000007785d00000,0x0000007785e00000] [id=11336]

Stack: [0x0000007785d00000,0x0000007785e00000]
[error occurred during error reporting (printing stack bounds), id 0xc0000005, EXCEPTION_ACCESS_VIOLATION (0xc0000005) at pc=0x000001c4de90112d]

Native frames: (J=compiled Java code, j=interpreted, Vv=VM code, C=native code)
V  [jvm.dll+0x5fbcea]
V  [jvm.dll+0x731905]
V  [jvm.dll+0x732f1d]
V  [jvm.dll+0x733535]
V  [jvm.dll+0x7334eb]
V  [jvm.dll+0x5fb080]
V  [jvm.dll+0x5fb818]
C  [ntdll.dll+0xa229f]
C  [ntdll.dll+0x51454]
C  [ntdll.dll+0xa0dce]
C  0x000001c4de90112d

VM_Operation (0x000000778c0fdf50): G1CollectForAllocation, mode: safepoint, requested by thread 0x000001c4fe5bb800


---------------  P R O C E S S  ---------------

Threads class SMR info:
_java_thread_list=0x000001c483249680, length=95, elements={
0x000001c4dadef000, 0x000001c4f36fa800, 0x000001c4f36fb000, 0x000001c4f3718000,
0x000001c4f371a000, 0x000001c4f371b000, 0x000001c4f3721000, 0x000001c4f3728800,
0x000001c4f3734000, 0x000001c4f41cb800, 0x000001c4f6c74800, 0x000001c4f68db800,
0x000001c4f429c800, 0x000001c4f5194000, 0x000001c4f5195000, 0x000001c4f5196800,
0x000001c4f5196000, 0x000001c4f5191000, 0x000001c4f5197800, 0x000001c4f5191800,
0x000001c4f4543800, 0x000001c4f4543000, 0x000001c4f4540800, 0x000001c4f453e800,
0x000001c4f7fa6000, 0x000001c4f7fa5000, 0x000001c4f6b6f800, 0x000001c4f6986800,
0x000001c4f698a800, 0x000001c4f6988000, 0x000001c4f6985000, 0x000001c4f6987800,
0x000001c4f6989000, 0x000001c4f698b800, 0x000001c4f6985800, 0x000001c4f698d000,
0x000001c4f698e800, 0x000001c4f6991000, 0x000001c4f698c000, 0x000001c4f698f800,
0x000001c4f6990800, 0x000001c4f6992800, 0x000001c4f6993800, 0x000001c4f698e000,
0x000001c4fc463000, 0x000001c4fc461800, 0x000001c4fc464000, 0x000001c4fc462800,
0x000001c4fc45e800, 0x000001c4fc465000, 0x000001c4fc45f000, 0x000001c4fc465800,
0x000001c4fc460800, 0x000001c4fc467800, 0x000001c4fc46a800, 0x000001c4fc46b800,
0x000001c4fc46c000, 0x000001c4fc468000, 0x000001c4fc469000, 0x000001c4fc469800,
0x000001c4f7fa8800, 0x000001c4f7fa7800, 0x000001c4f7fa6800, 0x000001c4f7fa2800,
0x000001c4f7fa3800, 0x000001c4f7faf000, 0x000001c4f7fae000, 0x000001c4f7faa000,
0x000001c4f7fa9000, 0x000001c4f7fac800, 0x000001c4f7faf800, 0x000001c4f7fad000,
0x000001c4f7fb0800, 0x000001c4f7fab000, 0x000001c4f7fb1800, 0x000001c4f7fab800,
0x000001c4f6b65000, 0x000001c4f6b66800, 0x000001c4f6b64000, 0x000001c4f6b63800,
0x000001c4f6b6b800, 0x000001c4f6b6a800, 0x000001c4f6b65800, 0x000001c4f6b6c800,
0x000001c4f6b6d000, 0x000001c4f6b68000, 0x000001c4f6b72000, 0x000001c4f453f800,
0x000001c4f6992000, 0x000001c4fe5ba800, 0x000001c4fe5bd800, 0x000001c4fe5bf800,
0x000001c4fe5be800, 0x000001c4fe5b9800, 0x000001c4fe5bb800
}

Java Threads: ( => current thread )
  0x000001c4dadef000 JavaThread "main" [_thread_blocked, id=11068, stack(0x0000007785700000,0x0000007785800000)]
  0x000001c4f36fa800 JavaThread "Reference Handler" daemon [_thread_blocked, id=12124, stack(0x0000007785e00000,0x0000007785f00000)]
  0x000001c4f36fb000 JavaThread "Finalizer" daemon [_thread_blocked, id=4212, stack(0x0000007785f00000,0x0000007786000000)]
  0x000001c4f3718000 JavaThread "Signal Dispatcher" daemon [_thread_blocked, id=10608, stack(0x0000007786000000,0x0000007786100000)]
  0x000001c4f371a000 JavaThread "Attach Listener" daemon [_thread_blocked, id=1484, stack(0x0000007786100000,0x0000007786200000)]
  0x000001c4f371b000 JavaThread "Service Thread" daemon [_thread_blocked, id=11752, stack(0x0000007786200000,0x0000007786300000)]
  0x000001c4f3721000 JavaThread "C2 CompilerThread0" daemon [_thread_in_native, id=11400, stack(0x0000007786300000,0x0000007786400000)]
  0x000001c4f3728800 JavaThread "C1 CompilerThread0" daemon [_thread_blocked, id=3700, stack(0x0000007786400000,0x0000007786500000)]
  0x000001c4f3734000 JavaThread "Sweeper thread" daemon [_thread_blocked, id=2976, stack(0x0000007786500000,0x0000007786600000)]
  0x000001c4f41cb800 JavaThread "Common-Cleaner" daemon [_thread_blocked, id=9864, stack(0x0000007786600000,0x0000007786700000)]
  0x000001c4f6c74800 JavaThread "Daemon health stats" [_thread_blocked, id=12084, stack(0x0000007786b00000,0x0000007786c00000)]
  0x000001c4f68db800 JavaThread "Incoming local TCP Connector on port 57736" [_thread_in_native, id=10624, stack(0x0000007786800000,0x0000007786900000)]
  0x000001c4f429c800 JavaThread "Daemon periodic checks" [_thread_blocked, id=9652, stack(0x0000007786c00000,0x0000007786d00000)]
  0x000001c4f5194000 JavaThread "Cache worker for journal cache (C:\Users\omidedriss\.gradle\caches\journal-1)" [_thread_blocked, id=10008, stack(0x0000007787600000,0x0000007787700000)]
  0x000001c4f5195000 JavaThread "File lock request listener" [_thread_in_native, id=8792, stack(0x0000007787700000,0x0000007787800000)]
  0x000001c4f5196800 JavaThread "Cache worker for file hash cache (C:\Users\omidedriss\.gradle\caches\7.3.3\fileHashes)" [_thread_blocked, id=12228, stack(0x0000007787800000,0x0000007787900000)]
  0x000001c4f5196000 JavaThread "File watcher server" daemon [_thread_blocked, id=10832, stack(0x0000007787a00000,0x0000007787b00000)]
  0x000001c4f5191000 JavaThread "File watcher consumer" daemon [_thread_blocked, id=5956, stack(0x0000007787b00000,0x0000007787c00000)]
  0x000001c4f5197800 JavaThread "jar transforms" [_thread_blocked, id=11660, stack(0x0000007787c00000,0x0000007787d00000)]
  0x000001c4f5191800 JavaThread "jar transforms Thread 2" [_thread_blocked, id=4756, stack(0x0000007787d00000,0x0000007787e00000)]
  0x000001c4f4543800 JavaThread "jar transforms Thread 3" [_thread_blocked, id=11292, stack(0x0000007787e00000,0x0000007787f00000)]
  0x000001c4f4543000 JavaThread "jar transforms Thread 4" [_thread_blocked, id=7220, stack(0x0000007787f00000,0x0000007788000000)]
  0x000001c4f4540800 JavaThread "Cache worker for execution history cache (C:\Users\omidedriss\.gradle\caches\7.3.3\executionHistory)" [_thread_blocked, id=6172, stack(0x0000007788300000,0x0000007788400000)]
  0x000001c4f453e800 JavaThread "Cache worker for file content cache (C:\Users\omidedriss\.gradle\caches\7.3.3\fileContent)" [_thread_blocked, id=4268, stack(0x0000007788400000,0x0000007788500000)]
  0x000001c4f7fa6000 JavaThread "Daemon Thread 2" [_thread_blocked, id=5464, stack(0x0000007785400000,0x0000007785500000)]
  0x000001c4f7fa5000 JavaThread "Daemon worker Thread 2" [_thread_blocked, id=520, stack(0x0000007786d00000,0x0000007786e00000)]
  0x000001c4f6b6f800 JavaThread "Memory manager" [_thread_blocked, id=7084, stack(0x000000778ac00000,0x000000778ad00000)]
  0x000001c4f6986800 JavaThread "Handler for socket connection from /127.0.0.1:57736 to /127.0.0.1:57875" [_thread_in_native, id=4932, stack(0x0000007785500000,0x0000007785600000)]
  0x000001c4f698a800 JavaThread "Cancel handler" [_thread_blocked, id=12264, stack(0x0000007785600000,0x0000007785700000)]
  0x000001c4f6988000 JavaThread "Asynchronous log dispatcher for DefaultDaemonConnection: socket connection from /127.0.0.1:57736 to /127.0.0.1:57875" [_thread_blocked, id=11232, stack(0x0000007786e00000,0x0000007786f00000)]
  0x000001c4f6985000 JavaThread "Stdin handler" [_thread_blocked, id=6176, stack(0x0000007786f00000,0x0000007787000000)]
  0x000001c4f6987800 JavaThread "Daemon client event forwarder" [_thread_blocked, id=7128, stack(0x0000007787000000,0x0000007787100000)]
  0x000001c4f6989000 JavaThread "Cache worker for file hash cache (E:\proje\TeamOrbitSoft\.gradle\7.3.3\fileHashes)" [_thread_blocked, id=9544, stack(0x0000007787100000,0x0000007787200000)]
  0x000001c4f698b800 JavaThread "Cache worker for checksums cache (E:\proje\TeamOrbitSoft\.gradle\7.3.3\checksums)" [_thread_blocked, id=10160, stack(0x0000007787200000,0x0000007787300000)]
  0x000001c4f6985800 JavaThread "Cache worker for cache directory md-supplier (C:\Users\omidedriss\.gradle\caches\7.3.3\md-supplier)" [_thread_blocked, id=6192, stack(0x0000007787300000,0x0000007787400000)]
  0x000001c4f698d000 JavaThread "Cache worker for cache directory md-rule (C:\Users\omidedriss\.gradle\caches\7.3.3\md-rule)" [_thread_blocked, id=11596, stack(0x0000007787400000,0x0000007787500000)]
  0x000001c4f698e800 JavaThread "Cache worker for dependencies-accessors (E:\proje\TeamOrbitSoft\.gradle\7.3.3\dependencies-accessors)" [_thread_blocked, id=8236, stack(0x0000007787900000,0x0000007787a00000)]
  0x000001c4f6991000 JavaThread "Cache worker for Build Output Cleanup Cache (E:\proje\TeamOrbitSoft\.gradle\buildOutputCleanup)" [_thread_blocked, id=3436, stack(0x0000007788000000,0x0000007788100000)]
  0x000001c4f698c000 JavaThread "Unconstrained build operations" [_thread_blocked, id=4208, stack(0x0000007788200000,0x0000007788300000)]
  0x000001c4f698f800 JavaThread "Unconstrained build operations Thread 2" [_thread_blocked, id=11588, stack(0x0000007788500000,0x0000007788600000)]
  0x000001c4f6990800 JavaThread "Unconstrained build operations Thread 3" [_thread_blocked, id=3044, stack(0x0000007788600000,0x0000007788700000)]
  0x000001c4f6992800 JavaThread "Unconstrained build operations Thread 4" [_thread_blocked, id=11096, stack(0x0000007788700000,0x0000007788800000)]
  0x000001c4f6993800 JavaThread "Unconstrained build operations Thread 5" [_thread_blocked, id=10472, stack(0x0000007788800000,0x0000007788900000)]
  0x000001c4f698e000 JavaThread "Unconstrained build operations Thread 6" [_thread_blocked, id=1776, stack(0x0000007788900000,0x0000007788a00000)]
  0x000001c4fc463000 JavaThread "Unconstrained build operations Thread 7" [_thread_blocked, id=11704, stack(0x0000007788a00000,0x0000007788b00000)]
  0x000001c4fc461800 JavaThread "Unconstrained build operations Thread 8" [_thread_blocked, id=8196, stack(0x0000007788b00000,0x0000007788c00000)]
  0x000001c4fc464000 JavaThread "Unconstrained build operations Thread 9" [_thread_blocked, id=1080, stack(0x0000007788c00000,0x0000007788d00000)]
  0x000001c4fc462800 JavaThread "Unconstrained build operations Thread 10" [_thread_blocked, id=11420, stack(0x0000007788d00000,0x0000007788e00000)]
  0x000001c4fc45e800 JavaThread "Unconstrained build operations Thread 11" [_thread_blocked, id=8912, stack(0x0000007788e00000,0x0000007788f00000)]
  0x000001c4fc465000 JavaThread "Unconstrained build operations Thread 12" [_thread_blocked, id=6784, stack(0x0000007788f00000,0x0000007789000000)]
  0x000001c4fc45f000 JavaThread "Unconstrained build operations Thread 13" [_thread_blocked, id=5296, stack(0x0000007789000000,0x0000007789100000)]
  0x000001c4fc465800 JavaThread "Unconstrained build operations Thread 14" [_thread_blocked, id=8132, stack(0x0000007789100000,0x0000007789200000)]
  0x000001c4fc460800 JavaThread "Unconstrained build operations Thread 15" [_thread_blocked, id=6352, stack(0x0000007789200000,0x0000007789300000)]
  0x000001c4fc467800 JavaThread "Unconstrained build operations Thread 16" [_thread_blocked, id=1612, stack(0x0000007789300000,0x0000007789400000)]
  0x000001c4fc46a800 JavaThread "Unconstrained build operations Thread 17" [_thread_blocked, id=6960, stack(0x0000007789400000,0x0000007789500000)]
  0x000001c4fc46b800 JavaThread "Unconstrained build operations Thread 18" [_thread_blocked, id=10852, stack(0x0000007789500000,0x0000007789600000)]
  0x000001c4fc46c000 JavaThread "Unconstrained build operations Thread 19" [_thread_blocked, id=10716, stack(0x0000007789600000,0x0000007789700000)]
  0x000001c4fc468000 JavaThread "Unconstrained build operations Thread 20" [_thread_blocked, id=11812, stack(0x0000007789700000,0x0000007789800000)]
  0x000001c4fc469000 JavaThread "Unconstrained build operations Thread 21" [_thread_blocked, id=3132, stack(0x0000007789800000,0x0000007789900000)]
  0x000001c4fc469800 JavaThread "Unconstrained build operations Thread 22" [_thread_blocked, id=8872, stack(0x0000007789900000,0x0000007789a00000)]
  0x000001c4f7fa8800 JavaThread "Unconstrained build operations Thread 23" [_thread_blocked, id=11060, stack(0x0000007789a00000,0x0000007789b00000)]
  0x000001c4f7fa7800 JavaThread "Unconstrained build operations Thread 24" [_thread_blocked, id=11272, stack(0x0000007789b00000,0x0000007789c00000)]
  0x000001c4f7fa6800 JavaThread "Unconstrained build operations Thread 25" [_thread_blocked, id=2324, stack(0x0000007789c00000,0x0000007789d00000)]
  0x000001c4f7fa2800 JavaThread "Unconstrained build operations Thread 26" [_thread_blocked, id=11492, stack(0x0000007789d00000,0x0000007789e00000)]
  0x000001c4f7fa3800 JavaThread "Unconstrained build operations Thread 27" [_thread_blocked, id=8080, stack(0x0000007789e00000,0x0000007789f00000)]
  0x000001c4f7faf000 JavaThread "Unconstrained build operations Thread 28" [_thread_blocked, id=9828, stack(0x0000007789f00000,0x000000778a000000)]
  0x000001c4f7fae000 JavaThread "Unconstrained build operations Thread 29" [_thread_blocked, id=10028, stack(0x000000778a000000,0x000000778a100000)]
  0x000001c4f7faa000 JavaThread "Unconstrained build operations Thread 30" [_thread_blocked, id=11836, stack(0x000000778a100000,0x000000778a200000)]
  0x000001c4f7fa9000 JavaThread "Unconstrained build operations Thread 31" [_thread_blocked, id=9352, stack(0x000000778a200000,0x000000778a300000)]
  0x000001c4f7fac800 JavaThread "Unconstrained build operations Thread 32" [_thread_blocked, id=1308, stack(0x000000778a300000,0x000000778a400000)]
  0x000001c4f7faf800 JavaThread "Unconstrained build operations Thread 33" [_thread_blocked, id=10556, stack(0x000000778a400000,0x000000778a500000)]
  0x000001c4f7fad000 JavaThread "Unconstrained build operations Thread 34" [_thread_blocked, id=5924, stack(0x000000778a500000,0x000000778a600000)]
  0x000001c4f7fb0800 JavaThread "Unconstrained build operations Thread 35" [_thread_blocked, id=6532, stack(0x000000778a600000,0x000000778a700000)]
  0x000001c4f7fab000 JavaThread "Unconstrained build operations Thread 36" [_thread_blocked, id=5068, stack(0x000000778a700000,0x000000778a800000)]
  0x000001c4f7fb1800 JavaThread "Unconstrained build operations Thread 37" [_thread_blocked, id=7784, stack(0x000000778a800000,0x000000778a900000)]
  0x000001c4f7fab800 JavaThread "Unconstrained build operations Thread 38" [_thread_blocked, id=11888, stack(0x000000778a900000,0x000000778aa00000)]
  0x000001c4f6b65000 JavaThread "Unconstrained build operations Thread 39" [_thread_blocked, id=5412, stack(0x000000778aa00000,0x000000778ab00000)]
  0x000001c4f6b66800 JavaThread "Unconstrained build operations Thread 40" [_thread_blocked, id=5272, stack(0x000000778ab00000,0x000000778ac00000)]
  0x000001c4f6b64000 JavaThread "build event listener" [_thread_blocked, id=1412, stack(0x000000778ae00000,0x000000778af00000)]
  0x000001c4f6b63800 JavaThread "Execution worker for ':'" [_thread_blocked, id=10712, stack(0x000000778af00000,0x000000778b000000)]
  0x000001c4f6b6b800 JavaThread "Execution worker for ':' Thread 2" [_thread_blocked, id=11952, stack(0x000000778b000000,0x000000778b100000)]
  0x000001c4f6b6a800 JavaThread "Execution worker for ':' Thread 3" [_thread_blocked, id=12132, stack(0x000000778b100000,0x000000778b200000)]
  0x000001c4f6b65800 JavaThread "Cache worker for execution history cache (E:\proje\TeamOrbitSoft\.gradle\7.3.3\executionHistory)" [_thread_blocked, id=11996, stack(0x000000778b200000,0x000000778b300000)]
  0x000001c4f6b6c800 JavaThread "WorkerExecutor Queue" [_thread_blocked, id=972, stack(0x000000778b300000,0x000000778b400000)]
  0x000001c4f6b6d000 JavaThread "WorkerExecutor Queue Thread 2" [_thread_blocked, id=4232, stack(0x000000778b400000,0x000000778b500000)]
  0x000001c4f6b68000 JavaThread "WorkerExecutor Queue Thread 3" [_thread_blocked, id=7940, stack(0x0000007788100000,0x0000007788200000)]
  0x000001c4f6b72000 JavaThread "C2 CompilerThread1" daemon [_thread_blocked, id=5972, stack(0x000000778b700000,0x000000778b800000)]
  0x000001c4f453f800 JavaThread "WorkerExecutor Queue Thread 4" [_thread_blocked, id=3552, stack(0x000000778b900000,0x000000778ba00000)]
  0x000001c4f6992000 JavaThread "pool-7-thread-1" [_thread_blocked, id=4572, stack(0x000000778ba00000,0x000000778bb00000)]
  0x000001c4fe5ba800 JavaThread "stderr" [_thread_in_native, id=6080, stack(0x000000778bb00000,0x000000778bc00000)]
  0x000001c4fe5bd800 JavaThread "stdout" [_thread_in_native, id=3876, stack(0x000000778bc00000,0x000000778bd00000)]
  0x000001c4fe5bf800 JavaThread "ForkJoinPool-1-worker-3" daemon [_thread_blocked, id=2836, stack(0x000000778bd00000,0x000000778be00000)]
  0x000001c4fe5be800 JavaThread "ForkJoinPool-1-worker-5" daemon [_thread_blocked, id=5980, stack(0x000000778be00000,0x000000778bf00000)]
  0x000001c4fe5b9800 JavaThread "ForkJoinPool-1-worker-7" daemon [_thread_blocked, id=11160, stack(0x000000778bf00000,0x000000778c000000)]
  0x000001c4fe5bb800 JavaThread "ForkJoinPool-1-worker-1" daemon [_thread_blocked, id=10504, stack(0x000000778c000000,0x000000778c100000)]

Other Threads:
=>0x000001c4f36d3800 VMThread "VM Thread" [stack: 0x0000007785d00000,0x0000007785e00000] [id=11336]
  0x000001c4f4211000 WatcherThread [stack: 0x0000007786700000,0x0000007786800000] [id=6804]
  0x000001c4dae07800 GCTaskThread "GC Thread#0" [stack: 0x0000007785800000,0x0000007785900000] [id=4380]
  0x000001c4f4996000 GCTaskThread "GC Thread#1" [stack: 0x0000007786900000,0x0000007786a00000] [id=8420]
  0x000001c4f4915000 GCTaskThread "GC Thread#2" [stack: 0x0000007786a00000,0x0000007786b00000] [id=5236]
  0x000001c4f6170000 GCTaskThread "GC Thread#3" [stack: 0x0000007787500000,0x0000007787600000] [id=8840]
  0x000001c4dae2c800 ConcurrentGCThread "G1 Main Marker" [stack: 0x0000007785900000,0x0000007785a00000] [id=6420]
  0x000001c4dae2f000 ConcurrentGCThread "G1 Conc#0" [stack: 0x0000007785a00000,0x0000007785b00000] [id=3656]
  0x000001c4daebd000 ConcurrentGCThread "G1 Refine#0" [stack: 0x0000007785b00000,0x0000007785c00000] [id=5508]
  0x000001c4daebe000 ConcurrentGCThread "G1 Young RemSet Sampling" [stack: 0x0000007785c00000,0x0000007785d00000] [id=7652]

Threads with active compile tasks:
C2 CompilerThread0 319917 26118       4       com.android.tools.r8.dex.j::e (664 bytes)
C1 CompilerThread0 319917 26244       3       com.android.tools.r8.code.y1::a (4129 bytes)
C2 CompilerThread1 319917 26106 %     4       com.android.tools.r8.dex.j::a @ 313 (1042 bytes)

VM state:at safepoint (normal execution)

VM Mutex/Monitor currently owned by a thread:  ([mutex/lock_event])
[0x000001c4dadea550] Threads_lock - owner thread: 0x000001c4f36d3800
[0x000001c4dade9fb0] Heap_lock - owner thread: 0x000001c4fe5bb800

Heap address: 0x00000000a0000000, size: 1536 MB, Compressed Oops mode: 32-bit
Narrow klass base: 0x0000000000000000, Narrow klass shift: 3
Compressed class space size: 1073741824 Address: 0x0000000100000000

Heap:
 garbage-first heap   total 507904K, used 283136K [0x00000000a0000000, 0x0000000100000000)
  region size 1024K, 5 young (5120K), 5 survivors (5120K)
 Metaspace       used 166662K, capacity 171554K, committed 172108K, reserved 1198080K
  class space    used 21224K, capacity 22954K, committed 23116K, reserved 1048576K
Heap Regions: E=young(eden), S=young(survivor), O=old, HS=humongous(starts), HC=humongous(continues), CS=collection set, F=free, A=archive, TAMS=top-at-mark-start (previous, next)
|   0|0x00000000a0000000, 0x00000000a0100000, 0x00000000a0100000|100%|HS|  |TAMS 0x00000000a0100000, 0x00000000a0000000| Complete 
|   1|0x00000000a0100000, 0x00000000a0200000, 0x00000000a0200000|100%|HC|  |TAMS 0x00000000a0200000, 0x00000000a0100000| Complete 
|   2|0x00000000a0200000, 0x00000000a0300000, 0x00000000a0300000|100%|HC|  |TAMS 0x00000000a0300000, 0x00000000a0200000| Complete 
|   3|0x00000000a0300000, 0x00000000a0400000, 0x00000000a0400000|100%| O|  |TAMS 0x00000000a0400000, 0x00000000a0300000| Untracked 
|   4|0x00000000a0400000, 0x00000000a0500000, 0x00000000a0500000|100%| O|  |TAMS 0x00000000a0500000, 0x00000000a0400000| Untracked 
|   5|0x00000000a0500000, 0x00000000a0600000, 0x00000000a0600000|100%| O|  |TAMS 0x00000000a0600000, 0x00000000a0500000| Untracked 
|   6|0x00000000a0600000, 0x00000000a0700000, 0x00000000a0700000|100%| O|  |TAMS 0x00000000a0700000, 0x00000000a0600000| Untracked 
|   7|0x00000000a0700000, 0x00000000a0800000, 0x00000000a0800000|100%| O|  |TAMS 0x00000000a0800000, 0x00000000a0700000| Untracked 
|   8|0x00000000a0800000, 0x00000000a0900000, 0x00000000a0900000|100%| O|  |TAMS 0x00000000a0900000, 0x00000000a0800000| Untracked 
|   9|0x00000000a0900000, 0x00000000a0a00000, 0x00000000a0a00000|100%| O|  |TAMS 0x00000000a0a00000, 0x00000000a0900000| Untracked 
|  10|0x00000000a0a00000, 0x00000000a0b00000, 0x00000000a0b00000|100%| O|  |TAMS 0x00000000a0b00000, 0x00000000a0a00000| Untracked 
|  11|0x00000000a0b00000, 0x00000000a0c00000, 0x00000000a0c00000|100%| O|  |TAMS 0x00000000a0c00000, 0x00000000a0b00000| Untracked 
|  12|0x00000000a0c00000, 0x00000000a0d00000, 0x00000000a0d00000|100%| O|  |TAMS 0x00000000a0d00000, 0x00000000a0c00000| Untracked 
|  13|0x00000000a0d00000, 0x00000000a0e00000, 0x00000000a0e00000|100%| O|  |TAMS 0x00000000a0e00000, 0x00000000a0d00000| Untracked 
|  14|0x00000000a0e00000, 0x00000000a0f00000, 0x00000000a0f00000|100%| O|  |TAMS 0x00000000a0f00000, 0x00000000a0e00000| Untracked 
|  15|0x00000000a0f00000, 0x00000000a1000000, 0x00000000a1000000|100%| O|  |TAMS 0x00000000a1000000, 0x00000000a0f00000| Untracked 
|  16|0x00000000a1000000, 0x00000000a1100000, 0x00000000a1100000|100%| O|  |TAMS 0x00000000a1100000, 0x00000000a1000000| Untracked 
|  17|0x00000000a1100000, 0x00000000a1200000, 0x00000000a1200000|100%|HS|  |TAMS 0x00000000a1200000, 0x00000000a1100000| Complete 
|  18|0x00000000a1200000, 0x00000000a1300000, 0x00000000a1300000|100%|HC|  |TAMS 0x00000000a1300000, 0x00000000a1200000| Complete 
|  19|0x00000000a1300000, 0x00000000a1400000, 0x00000000a1400000|100%|HS|  |TAMS 0x00000000a1400000, 0x00000000a1300000| Complete 
|  20|0x00000000a1400000, 0x00000000a1500000, 0x00000000a1500000|100%|HC|  |TAMS 0x00000000a1500000, 0x00000000a1400000| Complete 
|  21|0x00000000a1500000, 0x00000000a1600000, 0x00000000a1600000|100%|HC|  |TAMS 0x00000000a1600000, 0x00000000a1500000| Complete 
|  22|0x00000000a1600000, 0x00000000a1700000, 0x00000000a1700000|100%|HS|  |TAMS 0x00000000a1700000, 0x00000000a1600000| Complete 
|  23|0x00000000a1700000, 0x00000000a1800000, 0x00000000a1800000|100%|HS|  |TAMS 0x00000000a1800000, 0x00000000a1700000| Complete 
|  24|0x00000000a1800000, 0x00000000a1900000, 0x00000000a1900000|100%|HC|  |TAMS 0x00000000a1900000, 0x00000000a1800000| Complete 
|  25|0x00000000a1900000, 0x00000000a1a00000, 0x00000000a1a00000|100%|HC|  |TAMS 0x00000000a1a00000, 0x00000000a1900000| Complete 
|  26|0x00000000a1a00000, 0x00000000a1b00000, 0x00000000a1b00000|100%|HC|  |TAMS 0x00000000a1b00000, 0x00000000a1a00000| Complete 
|  27|0x00000000a1b00000, 0x00000000a1c00000, 0x00000000a1c00000|100%| O|  |TAMS 0x00000000a1c00000, 0x00000000a1b00000| Untracked 
|  28|0x00000000a1c00000, 0x00000000a1d00000, 0x00000000a1d00000|100%| O|  |TAMS 0x00000000a1d00000, 0x00000000a1c00000| Untracked 
|  29|0x00000000a1d00000, 0x00000000a1e00000, 0x00000000a1e00000|100%| O|  |TAMS 0x00000000a1e00000, 0x00000000a1d00000| Untracked 
|  30|0x00000000a1e00000, 0x00000000a1f00000, 0x00000000a1f00000|100%| O|  |TAMS 0x00000000a1f00000, 0x00000000a1e00000| Untracked 
|  31|0x00000000a1f00000, 0x00000000a2000000, 0x00000000a2000000|100%| O|  |TAMS 0x00000000a2000000, 0x00000000a1f00000| Untracked 
|  32|0x00000000a2000000, 0x00000000a2100000, 0x00000000a2100000|100%| O|  |TAMS 0x00000000a2100000, 0x00000000a2000000| Untracked 
|  33|0x00000000a2100000, 0x00000000a2200000, 0x00000000a2200000|100%|HS|  |TAMS 0x00000000a2200000, 0x00000000a2100000| Complete 
|  34|0x00000000a2200000, 0x00000000a2300000, 0x00000000a2300000|100%|HC|  |TAMS 0x00000000a2300000, 0x00000000a2200000| Complete 
|  35|0x00000000a2300000, 0x00000000a2400000, 0x00000000a2400000|100%|HC|  |TAMS 0x00000000a2400000, 0x00000000a2300000| Complete 
|  36|0x00000000a2400000, 0x00000000a2500000, 0x00000000a2500000|100%|HS|  |TAMS 0x00000000a2500000, 0x00000000a2400000| Complete 
|  37|0x00000000a2500000, 0x00000000a2600000, 0x00000000a2600000|100%| O|  |TAMS 0x00000000a2600000, 0x00000000a2500000| Untracked 
|  38|0x00000000a2600000, 0x00000000a2700000, 0x00000000a2700000|100%| O|  |TAMS 0x00000000a2700000, 0x00000000a2600000| Untracked 
|  39|0x00000000a2700000, 0x00000000a2800000, 0x00000000a2800000|100%| O|  |TAMS 0x00000000a2800000, 0x00000000a2700000| Untracked 
|  40|0x00000000a2800000, 0x00000000a2900000, 0x00000000a2900000|100%| O|  |TAMS 0x00000000a2900000, 0x00000000a2800000| Untracked 
|  41|0x00000000a2900000, 0x00000000a2a00000, 0x00000000a2a00000|100%| O|  |TAMS 0x00000000a2a00000, 0x00000000a2900000| Untracked 
|  42|0x00000000a2a00000, 0x00000000a2b00000, 0x00000000a2b00000|100%| O|  |TAMS 0x00000000a2b00000, 0x00000000a2a00000| Untracked 
|  43|0x00000000a2b00000, 0x00000000a2c00000, 0x00000000a2c00000|100%| O|  |TAMS 0x00000000a2c00000, 0x00000000a2b00000| Untracked 
|  44|0x00000000a2c00000, 0x00000000a2d00000, 0x00000000a2d00000|100%| O|  |TAMS 0x00000000a2d00000, 0x00000000a2c00000| Untracked 
|  45|0x00000000a2d00000, 0x00000000a2e00000, 0x00000000a2e00000|100%|HS|  |TAMS 0x00000000a2e00000, 0x00000000a2d00000| Complete 
|  46|0x00000000a2e00000, 0x00000000a2f00000, 0x00000000a2f00000|100%|HC|  |TAMS 0x00000000a2f00000, 0x00000000a2e00000| Complete 
|  47|0x00000000a2f00000, 0x00000000a3000000, 0x00000000a3000000|100%|HC|  |TAMS 0x00000000a3000000, 0x00000000a2f00000| Complete 
|  48|0x00000000a3000000, 0x00000000a3100000, 0x00000000a3100000|100%|HC|  |TAMS 0x00000000a3100000, 0x00000000a3000000| Complete 
|  49|0x00000000a3100000, 0x00000000a3200000, 0x00000000a3200000|100%| O|  |TAMS 0x00000000a3200000, 0x00000000a3100000| Untracked 
|  50|0x00000000a3200000, 0x00000000a3300000, 0x00000000a3300000|100%| O|  |TAMS 0x00000000a3300000, 0x00000000a3200000| Untracked 
|  51|0x00000000a3300000, 0x00000000a3400000, 0x00000000a3400000|100%| O|  |TAMS 0x00000000a3400000, 0x00000000a3300000| Untracked 
|  52|0x00000000a3400000, 0x00000000a3500000, 0x00000000a3500000|100%| O|  |TAMS 0x00000000a3500000, 0x00000000a3400000| Untracked 
|  53|0x00000000a3500000, 0x00000000a3600000, 0x00000000a3600000|100%|HS|  |TAMS 0x00000000a3600000, 0x00000000a3500000| Complete 
|  54|0x00000000a3600000, 0x00000000a3700000, 0x00000000a3700000|100%|HS|  |TAMS 0x00000000a3700000, 0x00000000a3600000| Complete 
|  55|0x00000000a3700000, 0x00000000a3800000, 0x00000000a3800000|100%|HS|  |TAMS 0x00000000a3800000, 0x00000000a3700000| Complete 
|  56|0x00000000a3800000, 0x00000000a3900000, 0x00000000a3900000|100%|HC|  |TAMS 0x00000000a3900000, 0x00000000a3800000| Complete 
|  57|0x00000000a3900000, 0x00000000a3a00000, 0x00000000a3a00000|100%| O|  |TAMS 0x00000000a3a00000, 0x00000000a3900000| Untracked 
|  58|0x00000000a3a00000, 0x00000000a3b00000, 0x00000000a3b00000|100%| O|  |TAMS 0x00000000a3b00000, 0x00000000a3a00000| Untracked 
|  59|0x00000000a3b00000, 0x00000000a3c00000, 0x00000000a3c00000|100%| O|  |TAMS 0x00000000a3c00000, 0x00000000a3b00000| Untracked 
|  60|0x00000000a3c00000, 0x00000000a3d00000, 0x00000000a3d00000|100%| O|  |TAMS 0x00000000a3d00000, 0x00000000a3c00000| Untracked 
|  61|0x00000000a3d00000, 0x00000000a3e00000, 0x00000000a3e00000|100%| O|  |TAMS 0x00000000a3e00000, 0x00000000a3d00000| Untracked 
|  62|0x00000000a3e00000, 0x00000000a3f00000, 0x00000000a3f00000|100%| O|  |TAMS 0x00000000a3f00000, 0x00000000a3e00000| Untracked 
|  63|0x00000000a3f00000, 0x00000000a4000000, 0x00000000a4000000|100%| O|  |TAMS 0x00000000a4000000, 0x00000000a3f00000| Untracked 
|  64|0x00000000a4000000, 0x00000000a4100000, 0x00000000a4100000|100%| O|  |TAMS 0x00000000a4100000, 0x00000000a4000000| Untracked 
|  65|0x00000000a4100000, 0x00000000a4200000, 0x00000000a4200000|100%| O|  |TAMS 0x00000000a4200000, 0x00000000a4100000| Untracked 
|  66|0x00000000a4200000, 0x00000000a4300000, 0x00000000a4300000|100%| O|  |TAMS 0x00000000a4300000, 0x00000000a4200000| Untracked 
|  67|0x00000000a4300000, 0x00000000a4400000, 0x00000000a4400000|100%| O|  |TAMS 0x00000000a4400000, 0x00000000a4300000| Untracked 
|  68|0x00000000a4400000, 0x00000000a4500000, 0x00000000a4500000|100%| O|  |TAMS 0x00000000a4500000, 0x00000000a4400000| Untracked 
|  69|0x00000000a4500000, 0x00000000a4600000, 0x00000000a4600000|100%| O|  |TAMS 0x00000000a4600000, 0x00000000a4500000| Untracked 
|  70|0x00000000a4600000, 0x00000000a4700000, 0x00000000a4700000|100%| O|  |TAMS 0x00000000a4700000, 0x00000000a4600000| Untracked 
|  71|0x00000000a4700000, 0x00000000a4800000, 0x00000000a4800000|100%| O|  |TAMS 0x00000000a4800000, 0x00000000a4700000| Untracked 
|  72|0x00000000a4800000, 0x00000000a4900000, 0x00000000a4900000|100%| O|  |TAMS 0x00000000a4900000, 0x00000000a4800000| Untracked 
|  73|0x00000000a4900000, 0x00000000a4a00000, 0x00000000a4a00000|100%| O|  |TAMS 0x00000000a4a00000, 0x00000000a4900000| Untracked 
|  74|0x00000000a4a00000, 0x00000000a4b00000, 0x00000000a4b00000|100%| O|  |TAMS 0x00000000a4b00000, 0x00000000a4a00000| Untracked 
|  75|0x00000000a4b00000, 0x00000000a4c00000, 0x00000000a4c00000|100%| O|  |TAMS 0x00000000a4c00000, 0x00000000a4b00000| Untracked 
|  76|0x00000000a4c00000, 0x00000000a4d00000, 0x00000000a4d00000|100%| O|  |TAMS 0x00000000a4d00000, 0x00000000a4c00000| Untracked 
|  77|0x00000000a4d00000, 0x00000000a4e00000, 0x00000000a4e00000|100%| O|  |TAMS 0x00000000a4e00000, 0x00000000a4d00000| Untracked 
|  78|0x00000000a4e00000, 0x00000000a4f00000, 0x00000000a4f00000|100%| O|  |TAMS 0x00000000a4f00000, 0x00000000a4e00000| Untracked 
|  79|0x00000000a4f00000, 0x00000000a5000000, 0x00000000a5000000|100%| O|  |TAMS 0x00000000a5000000, 0x00000000a4f00000| Untracked 
|  80|0x00000000a5000000, 0x00000000a5100000, 0x00000000a5100000|100%| O|  |TAMS 0x00000000a5100000, 0x00000000a5000000| Untracked 
|  81|0x00000000a5100000, 0x00000000a5200000, 0x00000000a5200000|100%| O|  |TAMS 0x00000000a5200000, 0x00000000a5100000| Untracked 
|  82|0x00000000a5200000, 0x00000000a5300000, 0x00000000a5300000|100%| O|  |TAMS 0x00000000a5300000, 0x00000000a5200000| Untracked 
|  83|0x00000000a5300000, 0x00000000a5400000, 0x00000000a5400000|100%| O|  |TAMS 0x00000000a5400000, 0x00000000a5300000| Untracked 
|  84|0x00000000a5400000, 0x00000000a5500000, 0x00000000a5500000|100%| O|  |TAMS 0x00000000a5500000, 0x00000000a5400000| Untracked 
|  85|0x00000000a5500000, 0x00000000a5600000, 0x00000000a5600000|100%| O|  |TAMS 0x00000000a5600000, 0x00000000a5500000| Untracked 
|  86|0x00000000a5600000, 0x00000000a5700000, 0x00000000a5700000|100%| O|  |TAMS 0x00000000a5700000, 0x00000000a5600000| Untracked 
|  87|0x00000000a5700000, 0x00000000a5800000, 0x00000000a5800000|100%| O|  |TAMS 0x00000000a5800000, 0x00000000a5700000| Untracked 
|  88|0x00000000a5800000, 0x00000000a5900000, 0x00000000a5900000|100%| O|  |TAMS 0x00000000a5900000, 0x00000000a5800000| Untracked 
|  89|0x00000000a5900000, 0x00000000a5a00000, 0x00000000a5a00000|100%| O|  |TAMS 0x00000000a5a00000, 0x00000000a5900000| Untracked 
|  90|0x00000000a5a00000, 0x00000000a5b00000, 0x00000000a5b00000|100%| O|  |TAMS 0x00000000a5b00000, 0x00000000a5a00000| Untracked 
|  91|0x00000000a5b00000, 0x00000000a5c00000, 0x00000000a5c00000|100%|HS|  |TAMS 0x00000000a5c00000, 0x00000000a5b00000| Complete 
|  92|0x00000000a5c00000, 0x00000000a5d00000, 0x00000000a5d00000|100%|HC|  |TAMS 0x00000000a5d00000, 0x00000000a5c00000| Complete 
|  93|0x00000000a5d00000, 0x00000000a5e00000, 0x00000000a5e00000|100%|HS|  |TAMS 0x00000000a5e00000, 0x00000000a5d00000| Complete 
|  94|0x00000000a5e00000, 0x00000000a5f00000, 0x00000000a5f00000|100%|HC|  |TAMS 0x00000000a5f00000, 0x00000000a5e00000| Complete 
|  95|0x00000000a5f00000, 0x00000000a6000000, 0x00000000a6000000|100%|HC|  |TAMS 0x00000000a6000000, 0x00000000a5f00000| Complete 
|  96|0x00000000a6000000, 0x00000000a6100000, 0x00000000a6100000|100%|HS|  |TAMS 0x00000000a6100000, 0x00000000a6000000| Complete 
|  97|0x00000000a6100000, 0x00000000a6200000, 0x00000000a6200000|100%|HS|  |TAMS 0x00000000a6200000, 0x00000000a6100000| Complete 
|  98|0x00000000a6200000, 0x00000000a6300000, 0x00000000a6300000|100%|HC|  |TAMS 0x00000000a6300000, 0x00000000a6200000| Complete 
|  99|0x00000000a6300000, 0x00000000a6400000, 0x00000000a6400000|100%|HC|  |TAMS 0x00000000a6400000, 0x00000000a6300000| Complete 
| 100|0x00000000a6400000, 0x00000000a6500000, 0x00000000a6500000|100%|HC|  |TAMS 0x00000000a6500000, 0x00000000a6400000| Complete 
| 101|0x00000000a6500000, 0x00000000a6600000, 0x00000000a6600000|100%| O|  |TAMS 0x00000000a6600000, 0x00000000a6500000| Untracked 
| 102|0x00000000a6600000, 0x00000000a6700000, 0x00000000a6700000|100%| O|  |TAMS 0x00000000a6700000, 0x00000000a6600000| Untracked 
| 103|0x00000000a6700000, 0x00000000a6800000, 0x00000000a6800000|100%| O|  |TAMS 0x00000000a6800000, 0x00000000a6700000| Untracked 
| 104|0x00000000a6800000, 0x00000000a6900000, 0x00000000a6900000|100%| O|  |TAMS 0x00000000a6900000, 0x00000000a6800000| Untracked 
| 105|0x00000000a6900000, 0x00000000a6a00000, 0x00000000a6a00000|100%| O|  |TAMS 0x00000000a6a00000, 0x00000000a6900000| Untracked 
| 106|0x00000000a6a00000, 0x00000000a6b00000, 0x00000000a6b00000|100%| O|  |TAMS 0x00000000a6b00000, 0x00000000a6a00000| Untracked 
| 107|0x00000000a6b00000, 0x00000000a6c00000, 0x00000000a6c00000|100%| O|  |TAMS 0x00000000a6c00000, 0x00000000a6b00000| Untracked 
| 108|0x00000000a6c00000, 0x00000000a6d00000, 0x00000000a6d00000|100%| O|  |TAMS 0x00000000a6d00000, 0x00000000a6c00000| Untracked 
| 109|0x00000000a6d00000, 0x00000000a6e00000, 0x00000000a6e00000|100%| O|  |TAMS 0x00000000a6e00000, 0x00000000a6d00000| Untracked 
| 110|0x00000000a6e00000, 0x00000000a6f00000, 0x00000000a6f00000|100%| O|  |TAMS 0x00000000a6f00000, 0x00000000a6e00000| Untracked 
| 111|0x00000000a6f00000, 0x00000000a7000000, 0x00000000a7000000|100%| O|  |TAMS 0x00000000a7000000, 0x00000000a6f00000| Untracked 
| 112|0x00000000a7000000, 0x00000000a7100000, 0x00000000a7100000|100%| O|  |TAMS 0x00000000a7100000, 0x00000000a7000000| Untracked 
| 113|0x00000000a7100000, 0x00000000a7200000, 0x00000000a7200000|100%| O|  |TAMS 0x00000000a7200000, 0x00000000a7100000| Untracked 
| 114|0x00000000a7200000, 0x00000000a7300000, 0x00000000a7300000|100%| O|  |TAMS 0x00000000a7300000, 0x00000000a7200000| Untracked 
| 115|0x00000000a7300000, 0x00000000a7400000, 0x00000000a7400000|100%| O|  |TAMS 0x00000000a7400000, 0x00000000a7300000| Untracked 
| 116|0x00000000a7400000, 0x00000000a7500000, 0x00000000a7500000|100%| O|  |TAMS 0x00000000a7500000, 0x00000000a7400000| Untracked 
| 117|0x00000000a7500000, 0x00000000a7600000, 0x00000000a7600000|100%| O|  |TAMS 0x00000000a7600000, 0x00000000a7500000| Untracked 
| 118|0x00000000a7600000, 0x00000000a7700000, 0x00000000a7700000|100%| O|  |TAMS 0x00000000a7700000, 0x00000000a7600000| Untracked 
| 119|0x00000000a7700000, 0x00000000a7800000, 0x00000000a7800000|100%| O|  |TAMS 0x00000000a7700000, 0x00000000a7700000| Untracked 
| 120|0x00000000a7800000, 0x00000000a7900000, 0x00000000a7900000|100%| O|  |TAMS 0x00000000a7900000, 0x00000000a7800000| Untracked 
| 121|0x00000000a7900000, 0x00000000a7a00000, 0x00000000a7a00000|100%| O|  |TAMS 0x00000000a7900000, 0x00000000a7900000| Untracked 
| 122|0x00000000a7a00000, 0x00000000a7b00000, 0x00000000a7b00000|100%| O|  |TAMS 0x00000000a7b00000, 0x00000000a7a00000| Untracked 
| 123|0x00000000a7b00000, 0x00000000a7c00000, 0x00000000a7c00000|100%| O|  |TAMS 0x00000000a7b00000, 0x00000000a7b00000| Untracked 
| 124|0x00000000a7c00000, 0x00000000a7d00000, 0x00000000a7d00000|100%| O|  |TAMS 0x00000000a7d00000, 0x00000000a7c00000| Untracked 
| 125|0x00000000a7d00000, 0x00000000a7e00000, 0x00000000a7e00000|100%| O|  |TAMS 0x00000000a7d00000, 0x00000000a7d00000| Untracked 
| 126|0x00000000a7e00000, 0x00000000a7f00000, 0x00000000a7f00000|100%| O|  |TAMS 0x00000000a7f00000, 0x00000000a7e00000| Untracked 
| 127|0x00000000a7f00000, 0x00000000a8000000, 0x00000000a8000000|100%| O|  |TAMS 0x00000000a7f00000, 0x00000000a7f00000| Untracked 
| 128|0x00000000a8000000, 0x00000000a8100000, 0x00000000a8100000|100%|HS|  |TAMS 0x00000000a8000000, 0x00000000a8000000| Complete 
| 129|0x00000000a8100000, 0x00000000a8200000, 0x00000000a8200000|100%| O|  |TAMS 0x00000000a8100000, 0x00000000a8100000| Untracked 
| 130|0x00000000a8200000, 0x00000000a8300000, 0x00000000a8300000|100%| O|  |TAMS 0x00000000a8300000, 0x00000000a8200000| Untracked 
| 131|0x00000000a8300000, 0x00000000a8400000, 0x00000000a8400000|100%| O|  |TAMS 0x00000000a8300000, 0x00000000a8300000| Untracked 
| 132|0x00000000a8400000, 0x00000000a8500000, 0x00000000a8500000|100%| O|  |TAMS 0x00000000a8400000, 0x00000000a8400000| Untracked 
| 133|0x00000000a8500000, 0x00000000a8600000, 0x00000000a8600000|100%| O|  |TAMS 0x00000000a8600000, 0x00000000a8500000| Untracked 
| 134|0x00000000a8600000, 0x00000000a8700000, 0x00000000a8700000|100%| O|  |TAMS 0x00000000a8600000, 0x00000000a8600000| Untracked 
| 135|0x00000000a8700000, 0x00000000a8800000, 0x00000000a8800000|100%| O|  |TAMS 0x00000000a8800000, 0x00000000a8700000| Untracked 
| 136|0x00000000a8800000, 0x00000000a8900000, 0x00000000a8900000|100%| O|  |TAMS 0x00000000a8900000, 0x00000000a8800000| Untracked 
| 137|0x00000000a8900000, 0x00000000a8a00000, 0x00000000a8a00000|100%| O|  |TAMS 0x00000000a8a00000, 0x00000000a8900000| Untracked 
| 138|0x00000000a8a00000, 0x00000000a8b00000, 0x00000000a8b00000|100%| O|  |TAMS 0x00000000a8b00000, 0x00000000a8a00000| Untracked 
| 139|0x00000000a8b00000, 0x00000000a8c00000, 0x00000000a8c00000|100%| O|  |TAMS 0x00000000a8c00000, 0x00000000a8b00000| Untracked 
| 140|0x00000000a8c00000, 0x00000000a8d00000, 0x00000000a8d00000|100%| O|  |TAMS 0x00000000a8d00000, 0x00000000a8c00000| Untracked 
| 141|0x00000000a8d00000, 0x00000000a8e00000, 0x00000000a8e00000|100%| O|  |TAMS 0x00000000a8e00000, 0x00000000a8d00000| Untracked 
| 142|0x00000000a8e00000, 0x00000000a8f00000, 0x00000000a8f00000|100%| O|  |TAMS 0x00000000a8f00000, 0x00000000a8e00000| Untracked 
| 143|0x00000000a8f00000, 0x00000000a9000000, 0x00000000a9000000|100%| O|  |TAMS 0x00000000a9000000, 0x00000000a8f00000| Untracked 
| 144|0x00000000a9000000, 0x00000000a9100000, 0x00000000a9100000|100%| O|  |TAMS 0x00000000a9100000, 0x00000000a9000000| Untracked 
| 145|0x00000000a9100000, 0x00000000a9200000, 0x00000000a9200000|100%| O|  |TAMS 0x00000000a9200000, 0x00000000a9100000| Untracked 
| 146|0x00000000a9200000, 0x00000000a9300000, 0x00000000a9300000|100%| O|  |TAMS 0x00000000a9300000, 0x00000000a9200000| Untracked 
| 147|0x00000000a9300000, 0x00000000a9400000, 0x00000000a9400000|100%| O|  |TAMS 0x00000000a9300000, 0x00000000a9300000| Untracked 
| 148|0x00000000a9400000, 0x00000000a9500000, 0x00000000a9500000|100%| O|  |TAMS 0x00000000a9400000, 0x00000000a9400000| Untracked 
| 149|0x00000000a9500000, 0x00000000a9600000, 0x00000000a9600000|100%| O|  |TAMS 0x00000000a9600000, 0x00000000a9500000| Untracked 
| 150|0x00000000a9600000, 0x00000000a9700000, 0x00000000a9700000|100%| O|  |TAMS 0x00000000a9700000, 0x00000000a9600000| Untracked 
| 151|0x00000000a9700000, 0x00000000a9800000, 0x00000000a9800000|100%| O|  |TAMS 0x00000000a9800000, 0x00000000a9700000| Untracked 
| 152|0x00000000a9800000, 0x00000000a9900000, 0x00000000a9900000|100%| O|  |TAMS 0x00000000a9900000, 0x00000000a9800000| Untracked 
| 153|0x00000000a9900000, 0x00000000a9a00000, 0x00000000a9a00000|100%| O|  |TAMS 0x00000000a9a00000, 0x00000000a9900000| Untracked 
| 154|0x00000000a9a00000, 0x00000000a9b00000, 0x00000000a9b00000|100%| O|  |TAMS 0x00000000a9b00000, 0x00000000a9a00000| Untracked 
| 155|0x00000000a9b00000, 0x00000000a9c00000, 0x00000000a9c00000|100%| O|  |TAMS 0x00000000a9b00000, 0x00000000a9b00000| Untracked 
| 156|0x00000000a9c00000, 0x00000000a9d00000, 0x00000000a9d00000|100%| O|  |TAMS 0x00000000a9c00000, 0x00000000a9c00000| Untracked 
| 157|0x00000000a9d00000, 0x00000000a9e00000, 0x00000000a9e00000|100%| O|  |TAMS 0x00000000a9e00000, 0x00000000a9d00000| Untracked 
| 158|0x00000000a9e00000, 0x00000000a9f00000, 0x00000000a9f00000|100%| O|  |TAMS 0x00000000a9e00000, 0x00000000a9e00000| Untracked 
| 159|0x00000000a9f00000, 0x00000000aa000000, 0x00000000aa000000|100%| O|  |TAMS 0x00000000a9f00000, 0x00000000a9f00000| Untracked 
| 160|0x00000000aa000000, 0x00000000aa100000, 0x00000000aa100000|100%| O|  |TAMS 0x00000000aa000000, 0x00000000aa000000| Untracked 
| 161|0x00000000aa100000, 0x00000000aa200000, 0x00000000aa200000|100%| O|  |TAMS 0x00000000aa200000, 0x00000000aa100000| Untracked 
| 162|0x00000000aa200000, 0x00000000aa300000, 0x00000000aa300000|100%| O|  |TAMS 0x00000000aa200000, 0x00000000aa200000| Untracked 
| 163|0x00000000aa300000, 0x00000000aa400000, 0x00000000aa400000|100%| O|  |TAMS 0x00000000aa400000, 0x00000000aa300000| Untracked 
| 164|0x00000000aa400000, 0x00000000aa500000, 0x00000000aa500000|100%| O|  |TAMS 0x00000000aa500000, 0x00000000aa400000| Untracked 
| 165|0x00000000aa500000, 0x00000000aa600000, 0x00000000aa600000|100%| O|  |TAMS 0x00000000aa600000, 0x00000000aa500000| Untracked 
| 166|0x00000000aa600000, 0x00000000aa700000, 0x00000000aa700000|100%| O|  |TAMS 0x00000000aa700000, 0x00000000aa600000| Untracked 
| 167|0x00000000aa700000, 0x00000000aa800000, 0x00000000aa800000|100%| O|  |TAMS 0x00000000aa700000, 0x00000000aa700000| Untracked 
| 168|0x00000000aa800000, 0x00000000aa900000, 0x00000000aa900000|100%| O|  |TAMS 0x00000000aa800000, 0x00000000aa800000| Untracked 
| 169|0x00000000aa900000, 0x00000000aaa00000, 0x00000000aaa00000|100%| O|  |TAMS 0x00000000aa900000, 0x00000000aa900000| Untracked 
| 170|0x00000000aaa00000, 0x00000000aab00000, 0x00000000aab00000|100%| O|  |TAMS 0x00000000aab00000, 0x00000000aaa00000| Untracked 
| 171|0x00000000aab00000, 0x00000000aac00000, 0x00000000aac00000|100%| O|  |TAMS 0x00000000aac00000, 0x00000000aab00000| Untracked 
| 172|0x00000000aac00000, 0x00000000aad00000, 0x00000000aad00000|100%| O|  |TAMS 0x00000000aad00000, 0x00000000aac00000| Untracked 
| 173|0x00000000aad00000, 0x00000000aae00000, 0x00000000aae00000|100%| O|  |TAMS 0x00000000aad00000, 0x00000000aad00000| Untracked 
| 174|0x00000000aae00000, 0x00000000aaf00000, 0x00000000aaf00000|100%| O|  |TAMS 0x00000000aaf00000, 0x00000000aae00000| Untracked 
| 175|0x00000000aaf00000, 0x00000000ab000000, 0x00000000ab000000|100%| O|  |TAMS 0x00000000aaf00000, 0x00000000aaf00000| Untracked 
| 176|0x00000000ab000000, 0x00000000ab100000, 0x00000000ab100000|100%| O|  |TAMS 0x00000000ab000000, 0x00000000ab000000| Untracked 
| 177|0x00000000ab100000, 0x00000000ab200000, 0x00000000ab200000|100%| O|  |TAMS 0x00000000ab100000, 0x00000000ab100000| Untracked 
| 178|0x00000000ab200000, 0x00000000ab300000, 0x00000000ab300000|100%| O|  |TAMS 0x00000000ab200000, 0x00000000ab200000| Untracked 
| 179|0x00000000ab300000, 0x00000000ab400000, 0x00000000ab400000|100%| O|  |TAMS 0x00000000ab300000, 0x00000000ab300000| Untracked 
| 180|0x00000000ab400000, 0x00000000ab500000, 0x00000000ab500000|100%| O|  |TAMS 0x00000000ab400000, 0x00000000ab400000| Untracked 
| 181|0x00000000ab500000, 0x00000000ab600000, 0x00000000ab600000|100%| O|  |TAMS 0x00000000ab500000, 0x00000000ab500000| Untracked 
| 182|0x00000000ab600000, 0x00000000ab700000, 0x00000000ab700000|100%| O|  |TAMS 0x00000000ab600000, 0x00000000ab600000| Untracked 
| 183|0x00000000ab700000, 0x00000000ab800000, 0x00000000ab800000|100%| O|  |TAMS 0x00000000ab700000, 0x00000000ab700000| Untracked 
| 184|0x00000000ab800000, 0x00000000ab900000, 0x00000000ab900000|100%| O|  |TAMS 0x00000000ab800000, 0x00000000ab800000| Untracked 
| 185|0x00000000ab900000, 0x00000000aba00000, 0x00000000aba00000|100%| O|  |TAMS 0x00000000aba00000, 0x00000000ab900000| Untracked 
| 186|0x00000000aba00000, 0x00000000abb00000, 0x00000000abb00000|100%| O|  |TAMS 0x00000000abb00000, 0x00000000aba00000| Untracked 
| 187|0x00000000abb00000, 0x00000000abc00000, 0x00000000abc00000|100%| O|  |TAMS 0x00000000abc00000, 0x00000000abb00000| Untracked 
| 188|0x00000000abc00000, 0x00000000abd00000, 0x00000000abd00000|100%| O|  |TAMS 0x00000000abd00000, 0x00000000abc00000| Untracked 
| 189|0x00000000abd00000, 0x00000000abe00000, 0x00000000abe00000|100%| O|  |TAMS 0x00000000abe00000, 0x00000000abd00000| Untracked 
| 190|0x00000000abe00000, 0x00000000abf00000, 0x00000000abf00000|100%| O|  |TAMS 0x00000000abe00000, 0x00000000abe00000| Untracked 
| 191|0x00000000abf00000, 0x00000000ac000000, 0x00000000ac000000|100%| O|  |TAMS 0x00000000abf00000, 0x00000000abf00000| Untracked 
| 192|0x00000000ac000000, 0x00000000ac100000, 0x00000000ac100000|100%| O|  |TAMS 0x00000000ac100000, 0x00000000ac000000| Untracked 
| 193|0x00000000ac100000, 0x00000000ac200000, 0x00000000ac200000|100%| O|  |TAMS 0x00000000ac200000, 0x00000000ac100000| Untracked 
| 194|0x00000000ac200000, 0x00000000ac300000, 0x00000000ac300000|100%| O|  |TAMS 0x00000000ac300000, 0x00000000ac200000| Untracked 
| 195|0x00000000ac300000, 0x00000000ac400000, 0x00000000ac400000|100%| O|  |TAMS 0x00000000ac400000, 0x00000000ac300000| Untracked 
| 196|0x00000000ac400000, 0x00000000ac500000, 0x00000000ac500000|100%| O|  |TAMS 0x00000000ac500000, 0x00000000ac400000| Untracked 
| 197|0x00000000ac500000, 0x00000000ac600000, 0x00000000ac600000|100%| O|  |TAMS 0x00000000ac500000, 0x00000000ac500000| Untracked 
| 198|0x00000000ac600000, 0x00000000ac700000, 0x00000000ac700000|100%| O|  |TAMS 0x00000000ac700000, 0x00000000ac600000| Untracked 
| 199|0x00000000ac700000, 0x00000000ac800000, 0x00000000ac800000|100%| O|  |TAMS 0x00000000ac700000, 0x00000000ac700000| Untracked 
| 200|0x00000000ac800000, 0x00000000ac900000, 0x00000000ac900000|100%| O|  |TAMS 0x00000000ac800000, 0x00000000ac800000| Untracked 
| 201|0x00000000ac900000, 0x00000000aca00000, 0x00000000aca00000|100%| O|  |TAMS 0x00000000ac900000, 0x00000000ac900000| Untracked 
| 202|0x00000000aca00000, 0x00000000acb00000, 0x00000000acb00000|100%| O|  |TAMS 0x00000000aca00000, 0x00000000aca00000| Untracked 
| 203|0x00000000acb00000, 0x00000000acc00000, 0x00000000acc00000|100%| O|  |TAMS 0x00000000acc00000, 0x00000000acb00000| Untracked 
| 204|0x00000000acc00000, 0x00000000acd00000, 0x00000000acd00000|100%| O|  |TAMS 0x00000000acc00000, 0x00000000acc00000| Untracked 
| 205|0x00000000acd00000, 0x00000000ace00000, 0x00000000ace00000|100%| O|  |TAMS 0x00000000acd00000, 0x00000000acd00000| Untracked 
| 206|0x00000000ace00000, 0x00000000acf00000, 0x00000000acf00000|100%| O|  |TAMS 0x00000000acef1400, 0x00000000ace00000| Untracked 
| 207|0x00000000acf00000, 0x00000000ad000000, 0x00000000ad000000|100%|HS|  |TAMS 0x00000000ad000000, 0x00000000acf00000| Complete 
| 208|0x00000000ad000000, 0x00000000ad100000, 0x00000000ad100000|100%|HC|  |TAMS 0x00000000ad100000, 0x00000000ad000000| Complete 
| 209|0x00000000ad100000, 0x00000000ad200000, 0x00000000ad200000|100%|HS|  |TAMS 0x00000000ad200000, 0x00000000ad100000| Complete 
| 210|0x00000000ad200000, 0x00000000ad300000, 0x00000000ad300000|100%|HS|  |TAMS 0x00000000ad300000, 0x00000000ad200000| Complete 
| 211|0x00000000ad300000, 0x00000000ad400000, 0x00000000ad400000|100%|HS|  |TAMS 0x00000000ad400000, 0x00000000ad300000| Complete 
| 212|0x00000000ad400000, 0x00000000ad500000, 0x00000000ad500000|100%|HC|  |TAMS 0x00000000ad500000, 0x00000000ad400000| Complete 
| 213|0x00000000ad500000, 0x00000000ad600000, 0x00000000ad600000|100%|HS|  |TAMS 0x00000000ad600000, 0x00000000ad500000| Complete 
| 214|0x00000000ad600000, 0x00000000ad700000, 0x00000000ad700000|100%|HC|  |TAMS 0x00000000ad700000, 0x00000000ad600000| Complete 
| 215|0x00000000ad700000, 0x00000000ad800000, 0x00000000ad800000|100%|HS|  |TAMS 0x00000000ad800000, 0x00000000ad700000| Complete 
| 216|0x00000000ad800000, 0x00000000ad900000, 0x00000000ad900000|100%|HC|  |TAMS 0x00000000ad900000, 0x00000000ad800000| Complete 
| 217|0x00000000ad900000, 0x00000000ada00000, 0x00000000ada00000|100%|HC|  |TAMS 0x00000000ada00000, 0x00000000ad900000| Complete 
| 218|0x00000000ada00000, 0x00000000adb00000, 0x00000000adb00000|100%|HS|  |TAMS 0x00000000ada00000, 0x00000000ada00000| Complete 
| 219|0x00000000adb00000, 0x00000000adc00000, 0x00000000adc00000|100%|HS|  |TAMS 0x00000000adb00000, 0x00000000adb00000| Complete 
| 220|0x00000000adc00000, 0x00000000add00000, 0x00000000add00000|100%|HS|  |TAMS 0x00000000adc00000, 0x00000000adc00000| Complete 
| 221|0x00000000add00000, 0x00000000ade00000, 0x00000000ade00000|100%|HS|  |TAMS 0x00000000ade00000, 0x00000000add00000| Complete 
| 222|0x00000000ade00000, 0x00000000adf00000, 0x00000000adf00000|100%|HC|  |TAMS 0x00000000adf00000, 0x00000000ade00000| Complete 
| 223|0x00000000adf00000, 0x00000000ae000000, 0x00000000ae000000|100%| O|  |TAMS 0x00000000adf00000, 0x00000000adf00000| Untracked 
| 224|0x00000000ae000000, 0x00000000ae100000, 0x00000000ae100000|100%| O|  |TAMS 0x00000000ae000000, 0x00000000ae000000| Untracked 
| 225|0x00000000ae100000, 0x00000000ae200000, 0x00000000ae200000|100%| O|  |TAMS 0x00000000ae100000, 0x00000000ae100000| Untracked 
| 226|0x00000000ae200000, 0x00000000ae300000, 0x00000000ae300000|100%| O|  |TAMS 0x00000000ae200000, 0x00000000ae200000| Untracked 
| 227|0x00000000ae300000, 0x00000000ae400000, 0x00000000ae400000|100%|HS|  |TAMS 0x00000000ae300000, 0x00000000ae300000| Complete 
| 228|0x00000000ae400000, 0x00000000ae500000, 0x00000000ae500000|100%|HC|  |TAMS 0x00000000ae400000, 0x00000000ae400000| Complete 
| 229|0x00000000ae500000, 0x00000000ae600000, 0x00000000ae600000|100%| O|  |TAMS 0x00000000ae500000, 0x00000000ae500000| Untracked 
| 230|0x00000000ae600000, 0x00000000ae700000, 0x00000000ae700000|100%| O|  |TAMS 0x00000000ae600000, 0x00000000ae600000| Untracked 
| 231|0x00000000ae700000, 0x00000000ae800000, 0x00000000ae800000|100%| O|  |TAMS 0x00000000ae700000, 0x00000000ae700000| Untracked 
| 232|0x00000000ae800000, 0x00000000ae900000, 0x00000000ae900000|100%|HS|  |TAMS 0x00000000ae800000, 0x00000000ae800000| Complete 
| 233|0x00000000ae900000, 0x00000000aea00000, 0x00000000aea00000|100%|HC|  |TAMS 0x00000000ae900000, 0x00000000ae900000| Complete 
| 234|0x00000000aea00000, 0x00000000aeb00000, 0x00000000aeb00000|100%| O|  |TAMS 0x00000000aea00000, 0x00000000aea00000| Untracked 
| 235|0x00000000aeb00000, 0x00000000aec00000, 0x00000000aec00000|100%| O|  |TAMS 0x00000000aeb00000, 0x00000000aeb00000| Untracked 
| 236|0x00000000aec00000, 0x00000000aed00000, 0x00000000aed00000|100%| O|  |TAMS 0x00000000aec00000, 0x00000000aec00000| Untracked 
| 237|0x00000000aed00000, 0x00000000aee00000, 0x00000000aee00000|100%| O|  |TAMS 0x00000000aed00000, 0x00000000aed00000| Untracked 
| 238|0x00000000aee00000, 0x00000000aef00000, 0x00000000aef00000|100%| O|  |TAMS 0x00000000aee00000, 0x00000000aee00000| Untracked 
| 239|0x00000000aef00000, 0x00000000af000000, 0x00000000af000000|100%| O|  |TAMS 0x00000000aef00000, 0x00000000aef00000| Untracked 
| 240|0x00000000af000000, 0x00000000af100000, 0x00000000af100000|100%|HS|  |TAMS 0x00000000af000000, 0x00000000af000000| Complete 
| 241|0x00000000af100000, 0x00000000af200000, 0x00000000af200000|100%|HC|  |TAMS 0x00000000af100000, 0x00000000af100000| Complete 
| 242|0x00000000af200000, 0x00000000af300000, 0x00000000af300000|100%|HC|  |TAMS 0x00000000af200000, 0x00000000af200000| Complete 
| 243|0x00000000af300000, 0x00000000af400000, 0x00000000af400000|100%| O|  |TAMS 0x00000000af300000, 0x00000000af300000| Untracked 
| 244|0x00000000af400000, 0x00000000af500000, 0x00000000af500000|100%| O|  |TAMS 0x00000000af400000, 0x00000000af400000| Untracked 
| 245|0x00000000af500000, 0x00000000af600000, 0x00000000af600000|100%| O|  |TAMS 0x00000000af500000, 0x00000000af500000| Untracked 
| 246|0x00000000af600000, 0x00000000af700000, 0x00000000af700000|100%| O|  |TAMS 0x00000000af600000, 0x00000000af600000| Untracked 
| 247|0x00000000af700000, 0x00000000af800000, 0x00000000af800000|100%| O|  |TAMS 0x00000000af700000, 0x00000000af700000| Untracked 
| 248|0x00000000af800000, 0x00000000af900000, 0x00000000af900000|100%| O|  |TAMS 0x00000000af800000, 0x00000000af800000| Untracked 
| 249|0x00000000af900000, 0x00000000afa00000, 0x00000000afa00000|100%| O|  |TAMS 0x00000000af900000, 0x00000000af900000| Untracked 
| 250|0x00000000afa00000, 0x00000000afb00000, 0x00000000afb00000|100%| O|  |TAMS 0x00000000afa00000, 0x00000000afa00000| Untracked 
| 251|0x00000000afb00000, 0x00000000afc00000, 0x00000000afc00000|100%| O|  |TAMS 0x00000000afb00000, 0x00000000afb00000| Untracked 
| 252|0x00000000afc00000, 0x00000000afd00000, 0x00000000afd00000|100%| O|  |TAMS 0x00000000afc00000, 0x00000000afc00000| Untracked 
| 253|0x00000000afd00000, 0x00000000afe00000, 0x00000000afe00000|100%| O|  |TAMS 0x00000000afd00000, 0x00000000afd00000| Untracked 
| 254|0x00000000afe00000, 0x00000000aff00000, 0x00000000aff00000|100%| O|  |TAMS 0x00000000afe00000, 0x00000000afe00000| Untracked 
| 255|0x00000000aff00000, 0x00000000b0000000, 0x00000000b0000000|100%| O|  |TAMS 0x00000000aff00000, 0x00000000aff00000| Untracked 
| 256|0x00000000b0000000, 0x00000000b0100000, 0x00000000b0100000|100%| O|  |TAMS 0x00000000b0000000, 0x00000000b0000000| Untracked 
| 257|0x00000000b0100000, 0x00000000b0200000, 0x00000000b0200000|100%| O|  |TAMS 0x00000000b0100000, 0x00000000b0100000| Untracked 
| 258|0x00000000b0200000, 0x00000000b0300000, 0x00000000b0300000|100%| O|  |TAMS 0x00000000b0200000, 0x00000000b0200000| Untracked 
| 259|0x00000000b0300000, 0x00000000b0400000, 0x00000000b0400000|100%| O|  |TAMS 0x00000000b0300000, 0x00000000b0300000| Untracked 
| 260|0x00000000b0400000, 0x00000000b0500000, 0x00000000b0500000|100%| O|  |TAMS 0x00000000b0400000, 0x00000000b0400000| Untracked 
| 261|0x00000000b0500000, 0x00000000b0600000, 0x00000000b0600000|100%| O|  |TAMS 0x00000000b0500000, 0x00000000b0500000| Untracked 
| 262|0x00000000b0600000, 0x00000000b0700000, 0x00000000b0700000|100%| O|  |TAMS 0x00000000b0600000, 0x00000000b0600000| Untracked 
| 263|0x00000000b0700000, 0x00000000b0800000, 0x00000000b0800000|100%| O|  |TAMS 0x00000000b0700000, 0x00000000b0700000| Untracked 
| 264|0x00000000b0800000, 0x00000000b0900000, 0x00000000b0900000|100%| O|  |TAMS 0x00000000b0800000, 0x00000000b0800000| Untracked 
| 265|0x00000000b0900000, 0x00000000b0a00000, 0x00000000b0a00000|100%| O|  |TAMS 0x00000000b0900000, 0x00000000b0900000| Untracked 
| 266|0x00000000b0a00000, 0x00000000b0b00000, 0x00000000b0b00000|100%| O|  |TAMS 0x00000000b0a00000, 0x00000000b0a00000| Untracked 
| 267|0x00000000b0b00000, 0x00000000b0c00000, 0x00000000b0c00000|100%| O|  |TAMS 0x00000000b0b00000, 0x00000000b0b00000| Untracked 
| 268|0x00000000b0c00000, 0x00000000b0d00000, 0x00000000b0d00000|100%| O|  |TAMS 0x00000000b0c00000, 0x00000000b0c00000| Untracked 
| 269|0x00000000b0d00000, 0x00000000b0e00000, 0x00000000b0e00000|100%| O|  |TAMS 0x00000000b0d00000, 0x00000000b0d00000| Untracked 
| 270|0x00000000b0e00000, 0x00000000b0f00000, 0x00000000b0f00000|100%| O|  |TAMS 0x00000000b0e00000, 0x00000000b0e00000| Untracked 
| 271|0x00000000b0f00000, 0x00000000b0f80000, 0x00000000b1000000| 50%| O|  |TAMS 0x00000000b0f00000, 0x00000000b0f00000| Untracked 
| 272|0x00000000b1000000, 0x00000000b1000000, 0x00000000b1100000|  0%| F|  |TAMS 0x00000000b1000000, 0x00000000b1000000| Untracked 
| 273|0x00000000b1100000, 0x00000000b1100000, 0x00000000b1200000|  0%| F|  |TAMS 0x00000000b1100000, 0x00000000b1100000| Untracked 
| 274|0x00000000b1200000, 0x00000000b1200000, 0x00000000b1300000|  0%| F|  |TAMS 0x00000000b1200000, 0x00000000b1200000| Untracked 
| 275|0x00000000b1300000, 0x00000000b1300000, 0x00000000b1400000|  0%| F|  |TAMS 0x00000000b1300000, 0x00000000b1300000| Untracked 
| 276|0x00000000b1400000, 0x00000000b1400000, 0x00000000b1500000|  0%| F|  |TAMS 0x00000000b1400000, 0x00000000b1400000| Untracked 
| 277|0x00000000b1500000, 0x00000000b1500000, 0x00000000b1600000|  0%| F|  |TAMS 0x00000000b1500000, 0x00000000b1500000| Untracked 
| 278|0x00000000b1600000, 0x00000000b1600000, 0x00000000b1700000|  0%| F|  |TAMS 0x00000000b1600000, 0x00000000b1600000| Untracked 
| 279|0x00000000b1700000, 0x00000000b1700000, 0x00000000b1800000|  0%| F|  |TAMS 0x00000000b1700000, 0x00000000b1700000| Untracked 
| 280|0x00000000b1800000, 0x00000000b1800000, 0x00000000b1900000|  0%| F|  |TAMS 0x00000000b1800000, 0x00000000b1800000| Untracked 
| 281|0x00000000b1900000, 0x00000000b1900000, 0x00000000b1a00000|  0%| F|  |TAMS 0x00000000b1900000, 0x00000000b1900000| Untracked 
| 282|0x00000000b1a00000, 0x00000000b1a00000, 0x00000000b1b00000|  0%| F|  |TAMS 0x00000000b1a00000, 0x00000000b1a00000| Untracked 
| 283|0x00000000b1b00000, 0x00000000b1b00000, 0x00000000b1c00000|  0%| F|  |TAMS 0x00000000b1b00000, 0x00000000b1b00000| Untracked 
| 284|0x00000000b1c00000, 0x00000000b1c00000, 0x00000000b1d00000|  0%| F|  |TAMS 0x00000000b1c00000, 0x00000000b1c00000| Untracked 
| 285|0x00000000b1d00000, 0x00000000b1d00000, 0x00000000b1e00000|  0%| F|  |TAMS 0x00000000b1d00000, 0x00000000b1d00000| Untracked 
| 286|0x00000000b1e00000, 0x00000000b1e00000, 0x00000000b1f00000|  0%| F|  |TAMS 0x00000000b1e00000, 0x00000000b1e00000| Untracked 
| 287|0x00000000b1f00000, 0x00000000b1f00000, 0x00000000b2000000|  0%| F|  |TAMS 0x00000000b1f00000, 0x00000000b1f00000| Untracked 
| 288|0x00000000b2000000, 0x00000000b2000000, 0x00000000b2100000|  0%| F|  |TAMS 0x00000000b2000000, 0x00000000b2000000| Untracked 
| 289|0x00000000b2100000, 0x00000000b2100000, 0x00000000b2200000|  0%| F|  |TAMS 0x00000000b2100000, 0x00000000b2100000| Untracked 
| 290|0x00000000b2200000, 0x00000000b2200000, 0x00000000b2300000|  0%| F|  |TAMS 0x00000000b2200000, 0x00000000b2200000| Untracked 
| 291|0x00000000b2300000, 0x00000000b2300000, 0x00000000b2400000|  0%| F|  |TAMS 0x00000000b2300000, 0x00000000b2300000| Untracked 
| 292|0x00000000b2400000, 0x00000000b2400000, 0x00000000b2500000|  0%| F|  |TAMS 0x00000000b2400000, 0x00000000b2400000| Untracked 
| 293|0x00000000b2500000, 0x00000000b2500000, 0x00000000b2600000|  0%| F|  |TAMS 0x00000000b2500000, 0x00000000b2500000| Untracked 
| 294|0x00000000b2600000, 0x00000000b2600000, 0x00000000b2700000|  0%| F|  |TAMS 0x00000000b2600000, 0x00000000b2600000| Untracked 
| 295|0x00000000b2700000, 0x00000000b2700000, 0x00000000b2800000|  0%| F|  |TAMS 0x00000000b2700000, 0x00000000b2700000| Untracked 
| 296|0x00000000b2800000, 0x00000000b2800000, 0x00000000b2900000|  0%| F|  |TAMS 0x00000000b2800000, 0x00000000b2800000| Untracked 
| 297|0x00000000b2900000, 0x00000000b2900000, 0x00000000b2a00000|  0%| F|  |TAMS 0x00000000b2900000, 0x00000000b2900000| Untracked 
| 298|0x00000000b2a00000, 0x00000000b2a00000, 0x00000000b2b00000|  0%| F|  |TAMS 0x00000000b2a00000, 0x00000000b2a00000| Untracked 
| 299|0x00000000b2b00000, 0x00000000b2b00000, 0x00000000b2c00000|  0%| F|  |TAMS 0x00000000b2b00000, 0x00000000b2b00000| Untracked 
| 300|0x00000000b2c00000, 0x00000000b2c00000, 0x00000000b2d00000|  0%| F|  |TAMS 0x00000000b2c00000, 0x00000000b2c00000| Untracked 
| 301|0x00000000b2d00000, 0x00000000b2d00000, 0x00000000b2e00000|  0%| F|  |TAMS 0x00000000b2d00000, 0x00000000b2d00000| Untracked 
| 302|0x00000000b2e00000, 0x00000000b2e00000, 0x00000000b2f00000|  0%| F|  |TAMS 0x00000000b2e00000, 0x00000000b2e00000| Untracked 
| 303|0x00000000b2f00000, 0x00000000b2f00000, 0x00000000b3000000|  0%| F|  |TAMS 0x00000000b2f00000, 0x00000000b2f00000| Untracked 
| 304|0x00000000b3000000, 0x00000000b3000000, 0x00000000b3100000|  0%| F|  |TAMS 0x00000000b3000000, 0x00000000b3000000| Untracked 
| 305|0x00000000b3100000, 0x00000000b3100000, 0x00000000b3200000|  0%| F|  |TAMS 0x00000000b3100000, 0x00000000b3100000| Untracked 
| 306|0x00000000b3200000, 0x00000000b3200000, 0x00000000b3300000|  0%| F|  |TAMS 0x00000000b3200000, 0x00000000b3200000| Untracked 
| 307|0x00000000b3300000, 0x00000000b3300000, 0x00000000b3400000|  0%| F|  |TAMS 0x00000000b3300000, 0x00000000b3300000| Untracked 
| 308|0x00000000b3400000, 0x00000000b3400000, 0x00000000b3500000|  0%| F|  |TAMS 0x00000000b3400000, 0x00000000b3400000| Untracked 
| 309|0x00000000b3500000, 0x00000000b3500000, 0x00000000b3600000|  0%| F|  |TAMS 0x00000000b3500000, 0x00000000b3500000| Untracked 
| 310|0x00000000b3600000, 0x00000000b3600000, 0x00000000b3700000|  0%| F|  |TAMS 0x00000000b3600000, 0x00000000b3600000| Untracked 
| 311|0x00000000b3700000, 0x00000000b3700000, 0x00000000b3800000|  0%| F|  |TAMS 0x00000000b3700000, 0x00000000b3700000| Untracked 
| 312|0x00000000b3800000, 0x00000000b3800000, 0x00000000b3900000|  0%| F|  |TAMS 0x00000000b3800000, 0x00000000b3800000| Untracked 
| 313|0x00000000b3900000, 0x00000000b3900000, 0x00000000b3a00000|  0%| F|  |TAMS 0x00000000b3900000, 0x00000000b3900000| Untracked 
| 314|0x00000000b3a00000, 0x00000000b3a00000, 0x00000000b3b00000|  0%| F|  |TAMS 0x00000000b3a00000, 0x00000000b3a00000| Untracked 
| 315|0x00000000b3b00000, 0x00000000b3b00000, 0x00000000b3c00000|  0%| F|  |TAMS 0x00000000b3b00000, 0x00000000b3b00000| Untracked 
| 316|0x00000000b3c00000, 0x00000000b3d00000, 0x00000000b3d00000|100%| S|CS|TAMS 0x00000000b3c00000, 0x00000000b3c00000| Complete 
| 317|0x00000000b3d00000, 0x00000000b3e00000, 0x00000000b3e00000|100%| S|CS|TAMS 0x00000000b3d00000, 0x00000000b3d00000| Complete 
| 318|0x00000000b3e00000, 0x00000000b3f00000, 0x00000000b3f00000|100%| S|CS|TAMS 0x00000000b3e00000, 0x00000000b3e00000| Complete 
| 319|0x00000000b3f00000, 0x00000000b4000000, 0x00000000b4000000|100%| S|CS|TAMS 0x00000000b3f00000, 0x00000000b3f00000| Complete 
| 320|0x00000000b4000000, 0x00000000b4100000, 0x00000000b4100000|100%| S|CS|TAMS 0x00000000b4000000, 0x00000000b4000000| Complete 
| 321|0x00000000b4100000, 0x00000000b4100000, 0x00000000b4200000|  0%| F|  |TAMS 0x00000000b4100000, 0x00000000b4100000| Untracked 
| 322|0x00000000b4200000, 0x00000000b4200000, 0x00000000b4300000|  0%| F|  |TAMS 0x00000000b4200000, 0x00000000b4200000| Untracked 
| 323|0x00000000b4300000, 0x00000000b4300000, 0x00000000b4400000|  0%| F|  |TAMS 0x00000000b4300000, 0x00000000b4300000| Untracked 
| 324|0x00000000b4400000, 0x00000000b4400000, 0x00000000b4500000|  0%| F|  |TAMS 0x00000000b4400000, 0x00000000b4400000| Untracked 
| 325|0x00000000b4500000, 0x00000000b4500000, 0x00000000b4600000|  0%| F|  |TAMS 0x00000000b4500000, 0x00000000b4500000| Untracked 
| 326|0x00000000b4600000, 0x00000000b4600000, 0x00000000b4700000|  0%| F|  |TAMS 0x00000000b4600000, 0x00000000b4600000| Untracked 
| 327|0x00000000b4700000, 0x00000000b4700000, 0x00000000b4800000|  0%| F|  |TAMS 0x00000000b4700000, 0x00000000b4700000| Untracked 
| 328|0x00000000b4800000, 0x00000000b4800000, 0x00000000b4900000|  0%| F|  |TAMS 0x00000000b4800000, 0x00000000b4800000| Untracked 
| 329|0x00000000b4900000, 0x00000000b4900000, 0x00000000b4a00000|  0%| F|  |TAMS 0x00000000b4900000, 0x00000000b4900000| Untracked 
| 330|0x00000000b4a00000, 0x00000000b4a00000, 0x00000000b4b00000|  0%| F|  |TAMS 0x00000000b4a00000, 0x00000000b4a00000| Untracked 
| 331|0x00000000b4b00000, 0x00000000b4b00000, 0x00000000b4c00000|  0%| F|  |TAMS 0x00000000b4b00000, 0x00000000b4b00000| Untracked 
| 332|0x00000000b4c00000, 0x00000000b4c00000, 0x00000000b4d00000|  0%| F|  |TAMS 0x00000000b4c00000, 0x00000000b4c00000| Untracked 
| 333|0x00000000b4d00000, 0x00000000b4d00000, 0x00000000b4e00000|  0%| F|  |TAMS 0x00000000b4d00000, 0x00000000b4d00000| Untracked 
| 334|0x00000000b4e00000, 0x00000000b4e00000, 0x00000000b4f00000|  0%| F|  |TAMS 0x00000000b4e00000, 0x00000000b4e00000| Untracked 
| 335|0x00000000b4f00000, 0x00000000b4f00000, 0x00000000b5000000|  0%| F|  |TAMS 0x00000000b4f00000, 0x00000000b4f00000| Untracked 
| 336|0x00000000b5000000, 0x00000000b5000000, 0x00000000b5100000|  0%| F|  |TAMS 0x00000000b5000000, 0x00000000b5000000| Untracked 
| 337|0x00000000b5100000, 0x00000000b5100000, 0x00000000b5200000|  0%| F|  |TAMS 0x00000000b5100000, 0x00000000b5100000| Untracked 
| 338|0x00000000b5200000, 0x00000000b5200000, 0x00000000b5300000|  0%| F|  |TAMS 0x00000000b5200000, 0x00000000b5200000| Untracked 
| 339|0x00000000b5300000, 0x00000000b5300000, 0x00000000b5400000|  0%| F|  |TAMS 0x00000000b5300000, 0x00000000b5300000| Untracked 
| 340|0x00000000b5400000, 0x00000000b5400000, 0x00000000b5500000|  0%| F|  |TAMS 0x00000000b5400000, 0x00000000b5400000| Untracked 
| 341|0x00000000b5500000, 0x00000000b5500000, 0x00000000b5600000|  0%| F|  |TAMS 0x00000000b5500000, 0x00000000b5500000| Untracked 
| 342|0x00000000b5600000, 0x00000000b5600000, 0x00000000b5700000|  0%| F|  |TAMS 0x00000000b5600000, 0x00000000b5600000| Untracked 
| 343|0x00000000b5700000, 0x00000000b5700000, 0x00000000b5800000|  0%| F|  |TAMS 0x00000000b5700000, 0x00000000b5700000| Untracked 
| 344|0x00000000b5800000, 0x00000000b5800000, 0x00000000b5900000|  0%| F|  |TAMS 0x00000000b5800000, 0x00000000b5800000| Untracked 
| 345|0x00000000b5900000, 0x00000000b5900000, 0x00000000b5a00000|  0%| F|  |TAMS 0x00000000b5900000, 0x00000000b5900000| Untracked 
| 346|0x00000000b5a00000, 0x00000000b5a00000, 0x00000000b5b00000|  0%| F|  |TAMS 0x00000000b5a00000, 0x00000000b5a00000| Untracked 

Card table byte_map: [0x000001c4edc00000,0x000001c4edf00000] _byte_map_base: 0x000001c4ed700000

Marking Bits (Prev, Next): (CMBitMap*) 0x000001c4dae25cb8, (CMBitMap*) 0x000001c4dae25cf0
 Prev Bits: [0x000001c4ee200000, 0x000001c4efa00000)
 Next Bits: [0x000001c4efa00000, 0x000001c4f1200000)

Polling page: 0x000001c4da5d0000

Metaspace:

Usage:
  Non-class:    145.12 MB capacity,   142.03 MB ( 98%) used,     2.58 MB (  2%) free+waste,   522.63 KB ( <1%) overhead. 
      Class:     22.42 MB capacity,    20.73 MB ( 92%) used,     1.46 MB (  7%) free+waste,   229.75 KB (  1%) overhead. 
       Both:    167.53 MB capacity,   162.76 MB ( 97%) used,     4.04 MB (  2%) free+waste,   752.38 KB ( <1%) overhead. 

Virtual space:
  Non-class space:      146.00 MB reserved,     145.50 MB (>99%) committed 
      Class space:        1.00 GB reserved,      22.57 MB (  2%) committed 
             Both:        1.14 GB reserved,     168.07 MB ( 14%) committed 

Chunk freelists:
   Non-Class:  200.00 KB
       Class:  150.00 KB
        Both:  350.00 KB

MaxMetaspaceSize: 17179869184.00 GB
CompressedClassSpaceSize: 1.00 GB
Initial GC threshold: 20.80 MB
Current GC threshold: 279.29 MB
CDS: off

CodeHeap 'non-profiled nmethods': size=120064Kb used=15141Kb max_used=15233Kb free=104922Kb
 bounds [0x000001c4e63c0000, 0x000001c4e72d0000, 0x000001c4ed900000]
CodeHeap 'profiled nmethods': size=120000Kb used=54560Kb max_used=55595Kb free=65439Kb
 bounds [0x000001c4dee90000, 0x000001c4e2580000, 0x000001c4e63c0000]
CodeHeap 'non-nmethods': size=5696Kb used=2512Kb max_used=2566Kb free=3183Kb
 bounds [0x000001c4de900000, 0x000001c4deba0000, 0x000001c4dee90000]
 total_blobs=24354 nmethods=23307 adapters=958
 compilation: enabled
              stopped_count=0, restarted_count=0
 full_count=0

Compilation events (20 events):
Event: 319.703 Thread 0x000001c4f3728800 nmethod 26235 0x000001c4e08a2390 code [0x000001c4e08a2560, 0x000001c4e08a2838]
Event: 319.703 Thread 0x000001c4f3728800 26233       2       com.android.tools.r8.code.q2::<init> (7 bytes)
Event: 319.703 Thread 0x000001c4f3728800 nmethod 26233 0x000001c4df49c290 code [0x000001c4df49c440, 0x000001c4df49c598]
Event: 319.703 Thread 0x000001c4f3728800 26225       2       com.android.tools.r8.code.j1::<init> (7 bytes)
Event: 319.704 Thread 0x000001c4f3728800 nmethod 26225 0x000001c4df49bc90 code [0x000001c4df49be60, 0x000001c4df49c028]
Event: 319.704 Thread 0x000001c4f3728800 26236       2       com.android.tools.r8.code.v1::<init> (13 bytes)
Event: 319.704 Thread 0x000001c4f3728800 nmethod 26236 0x000001c4df506b90 code [0x000001c4df506d40, 0x000001c4df506e68]
Event: 319.704 Thread 0x000001c4f3728800 26231       2       com.android.tools.r8.code.b1::<init> (7 bytes)
Event: 319.704 Thread 0x000001c4f3728800 nmethod 26231 0x000001c4df506590 code [0x000001c4df506760, 0x000001c4df506928]
Event: 319.704 Thread 0x000001c4f3728800 26227       2       com.android.tools.r8.code.T0::<init> (20 bytes)
Event: 319.705 Thread 0x000001c4f3728800 nmethod 26227 0x000001c4df935610 code [0x000001c4df9357e0, 0x000001c4df935a38]
Event: 319.705 Thread 0x000001c4f3728800 26238       2       com.android.tools.r8.code.S3::<init> (7 bytes)
Event: 319.705 Thread 0x000001c4f3728800 nmethod 26238 0x000001c4df973a90 code [0x000001c4df973c60, 0x000001c4df973e98]
Event: 319.717 Thread 0x000001c4f3728800 26240 %     3       com.android.tools.r8.code.y1::a @ 20 (4129 bytes)
Event: 319.778 Thread 0x000001c4f3728800 nmethod 26240% 0x000001c4e2539b10 code [0x000001c4e253cf00, 0x000001c4e2565018]
Event: 319.778 Thread 0x000001c4f3728800 26241       2       com.android.tools.r8.code.f::<init> (7 bytes)
Event: 319.779 Thread 0x000001c4f3728800 nmethod 26241 0x000001c4e02a1c90 code [0x000001c4e02a1e60, 0x000001c4e02a2098]
Event: 319.779 Thread 0x000001c4f3728800 26239       2       com.android.tools.r8.code.t::<init> (7 bytes)
Event: 319.779 Thread 0x000001c4f3728800 nmethod 26239 0x000001c4e0468e10 code [0x000001c4e0468fe0, 0x000001c4e04691a8]
Event: 319.780 Thread 0x000001c4f3728800 26244       3       com.android.tools.r8.code.y1::a (4129 bytes)

GC Heap History (20 events):
Event: 313.918 GC heap after
{Heap after GC invocations=127 (full 0):
 garbage-first heap   total 355328K, used 214224K [0x00000000a0000000, 0x0000000100000000)
  region size 1024K, 3 young (3072K), 3 survivors (3072K)
 Metaspace       used 165034K, capacity 170005K, committed 170188K, reserved 1196032K
  class space    used 21129K, capacity 22927K, committed 22988K, reserved 1048576K
}
Event: 314.627 GC heap before
{Heap before GC invocations=127 (full 0):
 garbage-first heap   total 355328K, used 299216K [0x00000000a0000000, 0x0000000100000000)
  region size 1024K, 87 young (89088K), 3 survivors (3072K)
 Metaspace       used 165101K, capacity 170082K, committed 170188K, reserved 1196032K
  class space    used 21129K, capacity 22928K, committed 22988K, reserved 1048576K
}
Event: 314.639 GC heap after
{Heap after GC invocations=128 (full 0):
 garbage-first heap   total 355328K, used 213957K [0x00000000a0000000, 0x0000000100000000)
  region size 1024K, 2 young (2048K), 2 survivors (2048K)
 Metaspace       used 165101K, capacity 170082K, committed 170188K, reserved 1196032K
  class space    used 21129K, capacity 22928K, committed 22988K, reserved 1048576K
}
Event: 315.443 GC heap before
{Heap before GC invocations=128 (full 0):
 garbage-first heap   total 355328K, used 305093K [0x00000000a0000000, 0x0000000100000000)
  region size 1024K, 91 young (93184K), 2 survivors (2048K)
 Metaspace       used 165128K, capacity 170089K, committed 170188K, reserved 1196032K
  class space    used 21130K, capacity 22929K, committed 22988K, reserved 1048576K
}
Event: 315.454 GC heap after
{Heap after GC invocations=129 (full 0):
 garbage-first heap   total 355328K, used 213753K [0x00000000a0000000, 0x0000000100000000)
  region size 1024K, 2 young (2048K), 2 survivors (2048K)
 Metaspace       used 165128K, capacity 170089K, committed 170188K, reserved 1196032K
  class space    used 21130K, capacity 22929K, committed 22988K, reserved 1048576K
}
Event: 316.396 GC heap before
{Heap before GC invocations=129 (full 0):
 garbage-first heap   total 355328K, used 305913K [0x00000000a0000000, 0x0000000100000000)
  region size 1024K, 92 young (94208K), 2 survivors (2048K)
 Metaspace       used 165145K, capacity 170101K, committed 170188K, reserved 1196032K
  class space    used 21133K, capacity 22933K, committed 22988K, reserved 1048576K
}
Event: 316.406 GC heap after
{Heap after GC invocations=130 (full 0):
 garbage-first heap   total 355328K, used 214217K [0x00000000a0000000, 0x0000000100000000)
  region size 1024K, 3 young (3072K), 3 survivors (3072K)
 Metaspace       used 165145K, capacity 170101K, committed 170188K, reserved 1196032K
  class space    used 21133K, capacity 22933K, committed 22988K, reserved 1048576K
}
Event: 317.319 GC heap before
{Heap before GC invocations=130 (full 0):
 garbage-first heap   total 355328K, used 307401K [0x00000000a0000000, 0x0000000100000000)
  region size 1024K, 93 young (95232K), 3 survivors (3072K)
 Metaspace       used 165422K, capacity 170384K, committed 170444K, reserved 1196032K
  class space    used 21152K, capacity 22972K, committed 22988K, reserved 1048576K
}
Event: 317.332 GC heap after
{Heap after GC invocations=131 (full 0):
 garbage-first heap   total 355328K, used 213426K [0x00000000a0000000, 0x0000000100000000)
  region size 1024K, 2 young (2048K), 2 survivors (2048K)
 Metaspace       used 165422K, capacity 170384K, committed 170444K, reserved 1196032K
  class space    used 21152K, capacity 22972K, committed 22988K, reserved 1048576K
}
Event: 317.722 GC heap before
{Heap before GC invocations=131 (full 0):
 garbage-first heap   total 355328K, used 258482K [0x00000000a0000000, 0x0000000100000000)
  region size 1024K, 31 young (31744K), 2 survivors (2048K)
 Metaspace       used 165932K, capacity 170865K, committed 171084K, reserved 1198080K
  class space    used 21221K, capacity 23017K, committed 23116K, reserved 1048576K
}
Event: 317.739 GC heap after
{Heap after GC invocations=132 (full 0):
 garbage-first heap   total 355328K, used 235235K [0x00000000a0000000, 0x0000000100000000)
  region size 1024K, 9 young (9216K), 9 survivors (9216K)
 Metaspace       used 165932K, capacity 170865K, committed 171084K, reserved 1198080K
  class space    used 21221K, capacity 23017K, committed 23116K, reserved 1048576K
}
Event: 318.702 GC heap before
{Heap before GC invocations=133 (full 0):
 garbage-first heap   total 355328K, used 317155K [0x00000000a0000000, 0x0000000100000000)
  region size 1024K, 72 young (73728K), 9 survivors (9216K)
 Metaspace       used 166225K, capacity 171084K, committed 171596K, reserved 1198080K
  class space    used 21183K, capacity 22928K, committed 23116K, reserved 1048576K
}
Event: 318.765 GC heap after
{Heap after GC invocations=134 (full 0):
 garbage-first heap   total 355328K, used 259437K [0x00000000a0000000, 0x0000000100000000)
  region size 1024K, 9 young (9216K), 9 survivors (9216K)
 Metaspace       used 166225K, capacity 171084K, committed 171596K, reserved 1198080K
  class space    used 21183K, capacity 22928K, committed 23116K, reserved 1048576K
}
Event: 318.881 GC heap before
{Heap before GC invocations=134 (full 0):
 garbage-first heap   total 355328K, used 268653K [0x00000000a0000000, 0x0000000100000000)
  region size 1024K, 17 young (17408K), 9 survivors (9216K)
 Metaspace       used 166487K, capacity 171340K, committed 171852K, reserved 1198080K
  class space    used 21217K, capacity 22951K, committed 23116K, reserved 1048576K
}
Event: 318.947 GC heap after
{Heap after GC invocations=135 (full 0):
 garbage-first heap   total 355328K, used 235834K [0x00000000a0000000, 0x0000000100000000)
  region size 1024K, 3 young (3072K), 3 survivors (3072K)
 Metaspace       used 166487K, capacity 171340K, committed 171852K, reserved 1198080K
  class space    used 21217K, capacity 22951K, committed 23116K, reserved 1048576K
}
Event: 319.135 GC heap before
{Heap before GC invocations=135 (full 0):
 garbage-first heap   total 355328K, used 249146K [0x00000000a0000000, 0x0000000100000000)
  region size 1024K, 17 young (17408K), 3 survivors (3072K)
 Metaspace       used 166585K, capacity 171479K, committed 171852K, reserved 1198080K
  class space    used 21217K, capacity 22951K, committed 23116K, reserved 1048576K
}
Event: 319.170 GC heap after
{Heap after GC invocations=136 (full 0):
 garbage-first heap   total 355328K, used 243200K [0x00000000a0000000, 0x0000000100000000)
  region size 1024K, 3 young (3072K), 3 survivors (3072K)
 Metaspace       used 166585K, capacity 171479K, committed 171852K, reserved 1198080K
  class space    used 21217K, capacity 22951K, committed 23116K, reserved 1048576K
}
Event: 319.535 GC heap before
{Heap before GC invocations=136 (full 0):
 garbage-first heap   total 355328K, used 290304K [0x00000000a0000000, 0x0000000100000000)
  region size 1024K, 49 young (50176K), 3 survivors (3072K)
 Metaspace       used 166648K, capacity 171490K, committed 171852K, reserved 1198080K
  class space    used 21224K, capacity 22954K, committed 23116K, reserved 1048576K
}
Event: 319.592 GC heap after
{Heap after GC invocations=137 (full 0):
 garbage-first heap   total 355328K, used 268161K [0x00000000a0000000, 0x0000000100000000)
  region size 1024K, 7 young (7168K), 7 survivors (7168K)
 Metaspace       used 166648K, capacity 171490K, committed 171852K, reserved 1198080K
  class space    used 21224K, capacity 22954K, committed 23116K, reserved 1048576K
}
Event: 319.825 GC heap before
{Heap before GC invocations=137 (full 0):
 garbage-first heap   total 355328K, used 293761K [0x00000000a0000000, 0x0000000100000000)
  region size 1024K, 33 young (33792K), 7 survivors (7168K)
 Metaspace       used 166662K, capacity 171554K, committed 172108K, reserved 1198080K
  class space    used 21224K, capacity 22954K, committed 23116K, reserved 1048576K
}

Deoptimization events (20 events):
Event: 318.837 Thread 0x000001c4fe5b9800 Uncommon trap: trap_request=0xffffff4d fr.pc=0x000001c4e666c9c0 relative=0x0000000000000400
Event: 318.837 Thread 0x000001c4fe5b9800 Uncommon trap: reason=unstable_if action=reinterpret pc=0x000001c4e666c9c0 method=com.android.tools.r8.graph.r0.g(Ljava/lang/Object;)Z @ 37 c2
Event: 318.837 Thread 0x000001c4fe5b9800 DEOPT PACKING pc=0x000001c4e666c9c0 sp=0x000000778bffed60
Event: 318.837 Thread 0x000001c4fe5b9800 DEOPT UNPACKING pc=0x000001c4de94a1af sp=0x000000778bffecf0 mode 2
Event: 318.870 Thread 0x000001c4fe5be800 Uncommon trap: trap_request=0xffffff4d fr.pc=0x000001c4e728d43c relative=0x000000000000055c
Event: 318.871 Thread 0x000001c4fe5be800 Uncommon trap: reason=unstable_if action=reinterpret pc=0x000001c4e728d43c method=com.android.tools.r8.graph.a1.g(Ljava/lang/Object;)Z @ 37 c2
Event: 318.871 Thread 0x000001c4fe5be800 DEOPT PACKING pc=0x000001c4e728d43c sp=0x000000778befe8d0
Event: 318.871 Thread 0x000001c4fe5be800 DEOPT UNPACKING pc=0x000001c4de94a1af sp=0x000000778befe7a0 mode 2
Event: 318.872 Thread 0x000001c4fe5be800 Uncommon trap: trap_request=0xffffff4d fr.pc=0x000001c4e66f5db0 relative=0x00000000000002f0
Event: 318.872 Thread 0x000001c4fe5be800 Uncommon trap: reason=unstable_if action=reinterpret pc=0x000001c4e66f5db0 method=com.android.tools.r8.graph.a1.g(Ljava/lang/Object;)Z @ 37 c2
Event: 318.872 Thread 0x000001c4fe5be800 DEOPT PACKING pc=0x000001c4e66f5db0 sp=0x000000778befe830
Event: 318.872 Thread 0x000001c4fe5be800 DEOPT UNPACKING pc=0x000001c4de94a1af sp=0x000000778befe7c0 mode 2
Event: 319.626 Thread 0x000001c4fe5b9800 DEOPT PACKING pc=0x000001c4df959b47 sp=0x000000778bffed40
Event: 319.626 Thread 0x000001c4fe5b9800 DEOPT UNPACKING pc=0x000001c4de94a95e sp=0x000000778bffe2f8 mode 0
Event: 319.667 Thread 0x000001c4fe5bb800 Uncommon trap: trap_request=0xffffff4d fr.pc=0x000001c4e72b4be8 relative=0x0000000000000d08
Event: 319.667 Thread 0x000001c4fe5bb800 Uncommon trap: reason=unstable_if action=reinterpret pc=0x000001c4e72b4be8 method=com.android.tools.r8.code.y1.a(Ljava/nio/ShortBuffer;IILcom/android/tools/r8/internal/mI;)[Lcom/android/tools/r8/code/w1; @ 541 c2
Event: 319.667 Thread 0x000001c4fe5bb800 DEOPT PACKING pc=0x000001c4e72b4be8 sp=0x000000778c0fe680
Event: 319.667 Thread 0x000001c4fe5bb800 DEOPT UNPACKING pc=0x000001c4de94a1af sp=0x000000778c0fe668 mode 2
Event: 319.804 Thread 0x000001c4fe5bf800 DEOPT PACKING pc=0x000001c4e2533592 sp=0x000000778bdfe150
Event: 319.804 Thread 0x000001c4fe5bf800 DEOPT UNPACKING pc=0x000001c4de94a95e sp=0x000000778bdfddd0 mode 0

Classes redefined (0 events):
No events

Internal exceptions (20 events):
Event: 313.570 Thread 0x000001c4f6b66800 Exception <a 'java/lang/IncompatibleClassChangeError'{0x00000000b2b32480}: Found class java.lang.Object, but interface was expected> (0x00000000b2b32480) thrown at [./src/hotspot/share/interpreter/linkResolver.cpp, line 839]
Event: 313.797 Thread 0x000001c4f6b66800 Exception <a 'java/lang/NoSuchMethodError'{0x00000000b13638b8}: 'void java.lang.invoke.DirectMethodHandle$Holder.invokeSpecial(java.lang.Object, java.lang.Object, int)'> (0x00000000b13638b8) thrown at [./src/hotspot/share/interpreter/linkResolver.cpp, line 773]
Event: 313.892 Thread 0x000001c4f6b66800 Exception <a 'sun/nio/fs/WindowsException'{0x00000000b0a51fc0}> (0x00000000b0a51fc0) thrown at [./src/hotspot/share/prims/jni.cpp, line 615]
Event: 313.898 Thread 0x000001c4f6b6a800 Exception <a 'sun/nio/fs/WindowsException'{0x00000000b0abe850}> (0x00000000b0abe850) thrown at [./src/hotspot/share/prims/jni.cpp, line 615]
Event: 314.192 Thread 0x000001c4fc462800 Exception <a 'sun/nio/fs/WindowsException'{0x00000000b364bce8}> (0x00000000b364bce8) thrown at [./src/hotspot/share/prims/jni.cpp, line 615]
Event: 317.200 Thread 0x000001c4f7fa8800 Exception <a 'sun/nio/fs/WindowsException'{0x00000000b04242b0}> (0x00000000b04242b0) thrown at [./src/hotspot/share/prims/jni.cpp, line 615]
Event: 317.440 Thread 0x000001c4f6b63800 Exception <a 'java/lang/NoSuchMethodError'{0x00000000b56295d8}: <clinit>> (0x00000000b56295d8) thrown at [./src/hotspot/share/prims/jni.cpp, line 1365]
Event: 317.440 Thread 0x000001c4f6b63800 Exception <a 'java/lang/NoSuchMethodError'{0x00000000b562abe0}: <clinit>> (0x00000000b562abe0) thrown at [./src/hotspot/share/prims/jni.cpp, line 1365]
Event: 317.440 Thread 0x000001c4f6b63800 Exception <a 'java/lang/NoSuchMethodError'{0x00000000b562da70}: <clinit>> (0x00000000b562da70) thrown at [./src/hotspot/share/prims/jni.cpp, line 1365]
Event: 317.442 Thread 0x000001c4f6b63800 Exception <a 'java/lang/NoSuchMethodError'{0x00000000b56a2b08}: <clinit>> (0x00000000b56a2b08) thrown at [./src/hotspot/share/prims/jni.cpp, line 1365]
Event: 317.442 Thread 0x000001c4f6b63800 Exception <a 'java/lang/NoSuchMethodError'{0x00000000b56a3d40}: <clinit>> (0x00000000b56a3d40) thrown at [./src/hotspot/share/prims/jni.cpp, line 1365]
Event: 317.605 Thread 0x000001c4f6b68000 Exception <a 'sun/nio/fs/WindowsException'{0x00000000b49f5dd0}> (0x00000000b49f5dd0) thrown at [./src/hotspot/share/prims/jni.cpp, line 615]
Event: 318.189 Thread 0x000001c4f6b63800 Exception <a 'java/lang/NoSuchMethodError'{0x00000000b329b320}: <clinit>> (0x00000000b329b320) thrown at [./src/hotspot/share/prims/jni.cpp, line 1365]
Event: 318.194 Thread 0x000001c4f6b63800 Exception <a 'java/lang/NoSuchMethodError'{0x00000000b3103470}: <clinit>> (0x00000000b3103470) thrown at [./src/hotspot/share/prims/jni.cpp, line 1365]
Event: 318.196 Thread 0x000001c4f6b63800 Exception <a 'java/lang/NoSuchMethodError'{0x00000000b3121460}: <clinit>> (0x00000000b3121460) thrown at [./src/hotspot/share/prims/jni.cpp, line 1365]
Event: 318.476 Thread 0x000001c4f6b6d000 Exception <a 'java/lang/NoSuchMethodError'{0x00000000b2da8460}: 'void java.lang.invoke.DirectMethodHandle$Holder.invokeStatic(java.lang.Object, long)'> (0x00000000b2da8460) thrown at [./src/hotspot/share/interpreter/linkResolver.cpp, line 773]
Event: 318.478 Thread 0x000001c4f6b6d000 Exception <a 'java/lang/NoSuchMethodError'{0x00000000b25553a8}: 'java.lang.Object java.lang.invoke.DirectMethodHandle$Holder.invokeStaticInit(java.lang.Object, java.lang.Object, long, java.lang.Object)'> (0x00000000b25553a8) thrown at [./src/hotspot/share/interpreter/linkResolver.cpp, line 773]
Event: 318.478 Thread 0x000001c4f6b6d000 Exception <a 'java/lang/NoSuchMethodError'{0x00000000b255b5e8}: 'java.lang.Object java.lang.invoke.DirectMethodHandle$Holder.invokeStatic(java.lang.Object, java.lang.Object, long)'> (0x00000000b255b5e8) thrown at [./src/hotspot/share/interpreter/linkResolver.cpp, line 773]
Event: 318.481 Thread 0x000001c4f6b6d000 Exception <a 'java/lang/NoSuchMethodError'{0x00000000b2561c98}: 'java.lang.Object java.lang.invoke.Invokers$Holder.linkToTargetMethod(java.lang.Object, long, java.lang.Object)'> (0x00000000b2561c98) thrown at [./src/hotspot/share/interpreter/linkResolver.cpp, line 773]
Event: 318.832 Thread 0x000001c4fe5bf800 Exception <a 'java/lang/NoSuchMethodError'{0x00000000b54da4a8}: 'long java.lang.invoke.DirectMethodHandle$Holder.invokeStatic(java.lang.Object, java.lang.Object, java.lang.Object)'> (0x00000000b54da4a8) thrown at [./src/hotspot/share/interpreter/linkResolver.cpp, line 773]

Events (20 events):
Event: 319.171 Executing VM operation: G1CollectForAllocation done
Event: 319.311 loading class com/android/builder/internal/aapt/AaptUtils
Event: 319.311 loading class com/android/builder/internal/aapt/AaptUtils done
Event: 319.313 loading class com/google/common/collect/Iterables$4
Event: 319.313 loading class com/google/common/collect/Iterables$4 done
Event: 319.314 loading class com/google/common/collect/FluentIterable
Event: 319.314 loading class com/google/common/collect/FluentIterable done
Event: 319.316 loading class com/google/common/collect/FluentIterable$2
Event: 319.316 loading class com/google/common/collect/FluentIterable$2 done
Event: 319.317 loading class com/google/common/collect/FluentIterable$1
Event: 319.317 loading class com/google/common/collect/FluentIterable$1 done
Event: 319.317 loading class com/google/common/collect/FluentIterable$3
Event: 319.317 loading class com/google/common/collect/FluentIterable$3 done
Event: 319.318 loading class com/google/common/collect/AbstractIterator$State
Event: 319.318 loading class com/google/common/collect/AbstractIterator$State done
Event: 319.319 loading class com/google/common/collect/AbstractIterator$1
Event: 319.319 loading class com/google/common/collect/AbstractIterator$1 done
Event: 319.534 Executing VM operation: G1CollectForAllocation
Event: 319.593 Executing VM operation: G1CollectForAllocation done
Event: 319.824 Executing VM operation: G1CollectForAllocation


Dynamic libraries:
0x00007ff735030000 - 0x00007ff73503a000 	C:\Program Files\Android\Android Studio3\jre\bin\java.exe
0x00007ffe69e90000 - 0x00007ffe6a088000 	C:\Windows\SYSTEM32\ntdll.dll
0x00007ffe69cf0000 - 0x00007ffe69dad000 	C:\Windows\System32\KERNEL32.DLL
0x00007ffe67980000 - 0x00007ffe67c4e000 	C:\Windows\System32\KERNELBASE.dll
0x00007ffe67cc0000 - 0x00007ffe67dc0000 	C:\Windows\System32\ucrtbase.dll
0x00007ffe5a550000 - 0x00007ffe5a567000 	C:\Program Files\Android\Android Studio3\jre\bin\VCRUNTIME140.dll
0x00007ffe5a530000 - 0x00007ffe5a549000 	C:\Program Files\Android\Android Studio3\jre\bin\jli.dll
0x00007ffe68120000 - 0x00007ffe682c0000 	C:\Windows\System32\USER32.dll
0x00007ffe67660000 - 0x00007ffe67682000 	C:\Windows\System32\win32u.dll
0x00007ffe68560000 - 0x00007ffe6858a000 	C:\Windows\System32\GDI32.dll
0x00007ffe67820000 - 0x00007ffe6792b000 	C:\Windows\System32\gdi32full.dll
0x00007ffe67dc0000 - 0x00007ffe67e5d000 	C:\Windows\System32\msvcp_win.dll
0x00007ffe5b8c0000 - 0x00007ffe5bb5a000 	C:\Windows\WinSxS\amd64_microsoft.windows.common-controls_6595b64144ccf1df_6.0.19041.1110_none_60b5254171f9507e\COMCTL32.dll
0x00007ffe67ef0000 - 0x00007ffe67f8e000 	C:\Windows\System32\msvcrt.dll
0x00007ffe696b0000 - 0x00007ffe696e0000 	C:\Windows\System32\IMM32.DLL
0x00007ffe3d270000 - 0x00007ffe3d30d000 	C:\Program Files\Android\Android Studio3\jre\bin\msvcp140.dll
0x00007ffe348d0000 - 0x00007ffe353b5000 	C:\Program Files\Android\Android Studio3\jre\bin\server\jvm.dll
0x00007ffe69a40000 - 0x00007ffe69aee000 	C:\Windows\System32\ADVAPI32.dll
0x00007ffe684c0000 - 0x00007ffe6855c000 	C:\Windows\System32\sechost.dll
0x00007ffe69350000 - 0x00007ffe69475000 	C:\Windows\System32\RPCRT4.dll
0x00007ffe69e40000 - 0x00007ffe69e48000 	C:\Windows\System32\PSAPI.DLL
0x00007ffe5f580000 - 0x00007ffe5f5a7000 	C:\Windows\SYSTEM32\WINMM.dll
0x00007ffe35cd0000 - 0x00007ffe35cd9000 	C:\Windows\SYSTEM32\WSOCK32.dll
0x00007ffe60b80000 - 0x00007ffe60b8a000 	C:\Windows\SYSTEM32\VERSION.dll
0x00007ffe685a0000 - 0x00007ffe6860b000 	C:\Windows\System32\WS2_32.dll
0x00007ffe654b0000 - 0x00007ffe654c2000 	C:\Windows\SYSTEM32\kernel.appcore.dll
0x00007ffe348b0000 - 0x00007ffe348c1000 	C:\Program Files\Android\Android Studio3\jre\bin\verify.dll
0x00007ffe57b20000 - 0x00007ffe57d04000 	C:\Windows\SYSTEM32\DBGHELP.DLL
0x00007ffe55ad0000 - 0x00007ffe55afc000 	C:\Windows\SYSTEM32\dbgcore.DLL
0x00007ffe67e60000 - 0x00007ffe67ee2000 	C:\Windows\System32\bcryptPrimitives.dll
0x00007ffe34880000 - 0x00007ffe348a9000 	C:\Program Files\Android\Android Studio3\jre\bin\java.dll
0x00007ffe35ca0000 - 0x00007ffe35cab000 	C:\Program Files\Android\Android Studio3\jre\bin\jimage.dll
0x00007ffe34860000 - 0x00007ffe34878000 	C:\Program Files\Android\Android Studio3\jre\bin\zip.dll
0x00007ffe68b30000 - 0x00007ffe69274000 	C:\Windows\System32\SHELL32.dll
0x00007ffe656b0000 - 0x00007ffe65e44000 	C:\Windows\SYSTEM32\windows.storage.dll
0x00007ffe696e0000 - 0x00007ffe69a34000 	C:\Windows\System32\combase.dll
0x00007ffe67010000 - 0x00007ffe67040000 	C:\Windows\SYSTEM32\Wldp.dll
0x00007ffe68010000 - 0x00007ffe680bd000 	C:\Windows\System32\SHCORE.dll
0x00007ffe69c80000 - 0x00007ffe69cd5000 	C:\Windows\System32\shlwapi.dll
0x00007ffe674f0000 - 0x00007ffe6750f000 	C:\Windows\SYSTEM32\profapi.dll
0x00007ffe34840000 - 0x00007ffe3485a000 	C:\Program Files\Android\Android Studio3\jre\bin\net.dll
0x00007ffe5a8f0000 - 0x00007ffe5a9fa000 	C:\Windows\SYSTEM32\WINHTTP.dll
0x00007ffe66d70000 - 0x00007ffe66dda000 	C:\Windows\system32\mswsock.dll
0x00007ffe34820000 - 0x00007ffe34834000 	C:\Program Files\Android\Android Studio3\jre\bin\nio.dll
0x00007ffe3cc10000 - 0x00007ffe3cc37000 	C:\Users\omidedriss\.gradle\native\e1d6ef7f7dcc3fd88c89a11ec53ec762bb8ba0a96d01ffa2cd45eb1d1d8dd5c5\windows-amd64\native-platform.dll
0x00007ffe33a80000 - 0x00007ffe33bc4000 	C:\Users\omidedriss\.gradle\native\5664cfc778a61ccfe75a443a1ab52a65af34e5dc3c78e0209fed803814484fcb\windows-amd64\native-platform-file-events.dll
0x00007ffe34810000 - 0x00007ffe3481a000 	C:\Program Files\Android\Android Studio3\jre\bin\management.dll
0x00007ffe34800000 - 0x00007ffe3480d000 	C:\Program Files\Android\Android Studio3\jre\bin\management_ext.dll
0x00007ffe66f70000 - 0x00007ffe66f88000 	C:\Windows\SYSTEM32\CRYPTSP.dll
0x00007ffe66680000 - 0x00007ffe666b4000 	C:\Windows\system32\rsaenh.dll
0x00007ffe677f0000 - 0x00007ffe67817000 	C:\Windows\System32\bcrypt.dll
0x00007ffe67470000 - 0x00007ffe6749e000 	C:\Windows\SYSTEM32\USERENV.dll
0x00007ffe66f60000 - 0x00007ffe66f6c000 	C:\Windows\SYSTEM32\CRYPTBASE.dll
0x00007ffe66a10000 - 0x00007ffe66a4b000 	C:\Windows\SYSTEM32\IPHLPAPI.DLL
0x00007ffe68590000 - 0x00007ffe68598000 	C:\Windows\System32\NSI.dll
0x00007ffe5ff50000 - 0x00007ffe5ff67000 	C:\Windows\SYSTEM32\dhcpcsvc6.DLL
0x00007ffe60a90000 - 0x00007ffe60aad000 	C:\Windows\SYSTEM32\dhcpcsvc.DLL
0x00007ffe66a50000 - 0x00007ffe66b1a000 	C:\Windows\SYSTEM32\DNSAPI.dll
0x00007ffe34770000 - 0x00007ffe34797000 	C:\Program Files\Android\Android Studio3\jre\bin\sunec.dll
0x00007ffe662b0000 - 0x00007ffe662e3000 	C:\Windows\SYSTEM32\ntmarta.dll

dbghelp: loaded successfully - version: 4.0.5 - missing functions: none
symbol engine: initialized successfully - sym options: 0x614 - pdb path: .;C:\Program Files\Android\Android Studio3\jre\bin;C:\Windows\SYSTEM32;C:\Windows\WinSxS\amd64_microsoft.windows.common-controls_6595b64144ccf1df_6.0.19041.1110_none_60b5254171f9507e;C:\Program Files\Android\Android Studio3\jre\bin\server;C:\Users\omidedriss\.gradle\native\e1d6ef7f7dcc3fd88c89a11ec53ec762bb8ba0a96d01ffa2cd45eb1d1d8dd5c5\windows-amd64;C:\Users\omidedriss\.gradle\native\5664cfc778a61ccfe75a443a1ab52a65af34e5dc3c78e0209fed803814484fcb\windows-amd64

VM Arguments:
jvm_args: --add-opens=java.base/java.util=ALL-UNNAMED --add-opens=java.base/java.lang=ALL-UNNAMED --add-opens=java.base/java.lang.invoke=ALL-UNNAMED --add-opens=java.base/java.util=ALL-UNNAMED --add-opens=java.prefs/java.util.prefs=ALL-UNNAMED --add-opens=java.prefs/java.util.prefs=ALL-UNNAMED --add-opens=java.base/java.nio.charset=ALL-UNNAMED --add-opens=java.base/java.net=ALL-UNNAMED --add-opens=java.base/java.util.concurrent.atomic=ALL-UNNAMED -Xmx1536m -Dfile.encoding=windows-1252 -Duser.country=US -Duser.language=en -Duser.variant 
java_command: org.gradle.launcher.daemon.bootstrap.GradleDaemon 7.3.3
java_class_path (initial): C:\Users\omidedriss\.gradle\wrapper\dists\gradle-7.3.3-bin\6a41zxkdtcxs8rphpq6y0069z\gradle-7.3.3\lib\gradle-launcher-7.3.3.jar
Launcher Type: SUN_STANDARD

[Global flags]
     intx CICompilerCount                          = 3                                         {product} {ergonomic}
     uint ConcGCThreads                            = 1                                         {product} {ergonomic}
     uint G1ConcRefinementThreads                  = 4                                         {product} {ergonomic}
   size_t G1HeapRegionSize                         = 1048576                                   {product} {ergonomic}
    uintx GCDrainStackTargetSize                   = 64                                        {product} {ergonomic}
   size_t InitialHeapSize                          = 134217728                                 {product} {ergonomic}
   size_t MarkStackSize                            = 4194304                                   {product} {ergonomic}
   size_t MaxHeapSize                              = 1610612736                                {product} {command line}
   size_t MaxNewSize                               = 965738496                                 {product} {ergonomic}
   size_t MinHeapDeltaBytes                        = 1048576                                   {product} {ergonomic}
    uintx NonNMethodCodeHeapSize                   = 5830732                                {pd product} {ergonomic}
    uintx NonProfiledCodeHeapSize                  = 122913754                              {pd product} {ergonomic}
    uintx ProfiledCodeHeapSize                     = 122913754                              {pd product} {ergonomic}
    uintx ReservedCodeCacheSize                    = 251658240                              {pd product} {ergonomic}
     bool SegmentedCodeCache                       = true                                      {product} {ergonomic}
     bool UseCompressedClassPointers               = true                                 {lp64_product} {ergonomic}
     bool UseCompressedOops                        = true                                 {lp64_product} {ergonomic}
     bool UseG1GC                                  = true                                      {product} {ergonomic}
     bool UseLargePagesIndividualAllocation        = false                                  {pd product} {ergonomic}

Logging:
Log output configuration:
 #0: stdout all=warning uptime,level,tags
 #1: stderr all=off uptime,level,tags

Environment Variables:
PATH=C:\Program Files (x86)\Common Files\Oracle\Java\javapath;C:\Program Files\AdoptOpenJDK\jdk-15.0.2.7-hotspot\bin;C:\Python39\Scripts\;C:\Python39\;C:\Windows\system32;C:\Windows;C:\Windows\System32\Wbem;C:\Windows\System32\WindowsPowerShell\v1.0\;C:\Windows\System32\OpenSSH\;C:\ProgramData\chocolatey\bin;C:\Program Files\dotnet\;C:\Program Files\Microsoft SQL Server\130\Tools\Binn\;C:\Program Files\Microsoft SQL Server\Client SDK\ODBC\170\Tools\Binn\;C:\platform-tools;C:\Program Files (x86)\Microsoft SQL Server\150\DTS\Binn\;C:\Program Files\Git\cmd;C:\Users\omidedriss\AppData\Local\Microsoft\WindowsApps;C:\Users\omidedriss\.dotnet\tools;C:\platform-tools
USERNAME=omidedriss
OS=Windows_NT
PROCESSOR_IDENTIFIER=Intel64 Family 6 Model 69 Stepping 1, GenuineIntel



---------------  S Y S T E M  ---------------

OS: Windows 10 , 64 bit Build 19041 (10.0.19041.1889)
OS uptime: 0 days 2:45 hours

CPU:total 4 (initial active 4) (2 cores per cpu, 2 threads per core) family 6 model 69 stepping 1 microcode 0x25, cmov, cx8, fxsr, mmx, sse, sse2, sse3, ssse3, sse4.1, sse4.2, popcnt, avx, avx2, aes, clmul, erms, lzcnt, ht, tsc, tscinvbit, bmi1, bmi2, fma

Memory: 4k page, system-wide physical 8075M (778M free)
TotalPageFile size 10235M (AvailPageFile size 152M)
current process WorkingSet (physical memory assigned to process): 804M, peak: 808M
current process commit charge ("private bytes"): 840M, peak: 989M

vm_info: OpenJDK 64-Bit Server VM (11.0.12+7-b1504.28-7817840) for windows-amd64 JRE (11.0.12+7-b1504.28-7817840), built on Oct 13 2021 22:12:33 by "builder" with MS VC++ 14.0 (VS2015)

END.
